#
# A fatal error has been detected by the Java Runtime Environment:
#
#  EXCEPTION_ACCESS_VIOLATION (0xc0000005) at pc=0x00007ffcd7433f45, pid=13848, tid=34120
#
# JRE version: Java(TM) SE Runtime Environment (17.0.1+12) (build 17.0.1+12-LTS-39)
# Java VM: Java HotSpot(TM) 64-Bit Server VM (17.0.1+12-LTS-39, mixed mode, sharing, tiered, compressed oops, compressed class ptrs, g1 gc, windows-amd64)
# Problematic frame:
# C  [nvoglv64.dll+0x1853f45]
#
# No core dump will be written. Minidumps are not enabled by default on client versions of Windows
#
# If you would like to submit a bug report, please visit:
#   https://bugreport.java.com/bugreport/crash.jsp
# The crash happened outside the Java Virtual Machine in native code.
# See problematic frame for where to report the bug.
#

---------------  S U M M A R Y ------------

Command Line: -Dfile.encoding=windows-1252 -Duser.country=MX -Duser.language=es -Duser.variant com.orlang.TetrisGame

Host: AMD Ryzen 7 5800H with Radeon Graphics         , 16 cores, 15G,  Windows 10 , 64 bit Build 22621 (10.0.22621.963)
Time: Thu Dec 22 02:25:59 2022 Hora estándar central (México) elapsed time: 1.117901 seconds (0d 0h 0m 1s)

---------------  T H R E A D  ---------------

Current thread (0x000001a1154e3bb0):  JavaThread "main" [_thread_in_native, id=34120, stack(0x00000061c9e00000,0x00000061c9f00000)]

Stack: [0x00000061c9e00000,0x00000061c9f00000],  sp=0x00000061c9eff2a8,  free space=1020k
Native frames: (J=compiled Java code, j=interpreted, Vv=VM code, C=native code)
C  [nvoglv64.dll+0x1853f45]

Java frames: (J=compiled Java code, j=interpreted, Vv=VM code)
j  org.lwjgl.opengl.GL11C.nglDrawElements(IIIJ)V+0
j  org.lwjgl.opengl.GL11C.glDrawElements(IIIJ)V+4
j  org.lwjgl.opengl.GL11.glDrawElements(IIIJ)V+4
j  com.orlang.engine.render.ExampleRender.render()V+43
j  com.orlang.game.scenes.ExampleScene.render(F)V+0
j  com.orlang.engine.GameWindow.gameLoop()V+52
j  com.orlang.engine.GameWindow.startGame()V+12
j  com.orlang.TetrisGame.main([Ljava/lang/String;)V+5
v  ~StubRoutines::call_stub

siginfo: EXCEPTION_ACCESS_VIOLATION (0xc0000005), reading address 0x0000000000000000


Register to memory mapping:

RIP=0x00007ffcd7433f45 nvoglv64.dll
RAX=0x000001a139e0a6e8 points into unknown readable memory: 0x0000000000000000 | 00 00 00 00 00 00 00 00
RBX=0x000001a139e0a6cc points into unknown readable memory: 06 e0 01 00
RCX=0x00007ffcd7433f45 nvoglv64.dll
RDX=0x0 is NULL
RSP=0x00000061c9eff2a8 is pointing into the stack for thread: 0x000001a1154e3bb0
RBP=0x000000000000003c is an unknown value
RSI=0x0000000000000004 is an unknown value
RDI=0x000001a13a80b080 points into unknown readable memory: 0x0000000000000000 | 00 00 00 00 00 00 00 00
R8 =0x0000000000000010 is an unknown value
R9 =0x00007ffcd5be0000 nvoglv64.dll
R10=0x0 is NULL
R11=0x000001a139e0a6e8 points into unknown readable memory: 0x0000000000000000 | 00 00 00 00 00 00 00 00
R12=0x0000000000000004 is an unknown value
R13=0x0000000000001405 is an unknown value
R14=0x0000000000000010 is an unknown value
R15=0x0 is NULL


Registers:
RAX=0x000001a139e0a6e8, RBX=0x000001a139e0a6cc, RCX=0x00007ffcd7433f45, RDX=0x0000000000000000
RSP=0x00000061c9eff2a8, RBP=0x000000000000003c, RSI=0x0000000000000004, RDI=0x000001a13a80b080
R8 =0x0000000000000010, R9 =0x00007ffcd5be0000, R10=0x0000000000000000, R11=0x000001a139e0a6e8
R12=0x0000000000000004, R13=0x0000000000001405, R14=0x0000000000000010, R15=0x0000000000000000
RIP=0x00007ffcd7433f45, EFLAGS=0x0000000000010202

Top of Stack: (sp=0x00000061c9eff2a8)
0x00000061c9eff2a8:   00007ffcd6a2e93c 0000000000000110
0x00000061c9eff2b8:   000001a1391a1130 00000061c9eff3d0
0x00000061c9eff2c8:   00007ffcef57e342 000000000017555d
0x00000061c9eff2d8:   000001a11cd074f6 000001a1154e3bb0
0x00000061c9eff2e8:   000001a1154e3bb0 000001a1391a1130
0x00000061c9eff2f8:   000001a1154e3bb0 000001a11cce94fe
0x00000061c9eff308:   000001a11cced48e 000001a1154e3bb0
0x00000061c9eff318:   000001a1391a1130 0000000000000000
0x00000061c9eff328:   000001a11cce94fe 0000000000000110
0x00000061c9eff338:   000001a11cced621 00000061c9eff3d0
0x00000061c9eff348:   00000061c9eff300 00000061c9eff410
0x00000061c9eff358:   000001a1391a1130 000001a100001405
0x00000061c9eff368:   0000000000000000 3ff0000000000000
0x00000061c9eff378:   000001a1154e3bb0 000001a11cced2f6
0x00000061c9eff388:   00000061c9eff388 000001a1391a1130
0x00000061c9eff398:   00000061c9eff410 000001a1391ab7a0 

Instructions: (pc=0x00007ffcd7433f45)
0x00007ffcd7433e45:   07 eb 83 48 83 c1 08 48 83 c1 08 48 83 c1 08 48
0x00007ffcd7433e55:   8b 0c 0a 48 0f c8 48 0f c9 48 3b c1 1b c0 83 d8
0x00007ffcd7433e65:   ff c3 cc cc cc cc cc cc cc cc cc cc cc cc cc cc
0x00007ffcd7433e75:   cc 66 66 0f 1f 84 00 00 00 00 00 57 56 49 8b c3
0x00007ffcd7433e85:   48 8b f9 49 8b c8 49 8b f2 f3 a4 5e 5f c3 cc cc
0x00007ffcd7433e95:   cc cc cc cc 0f 1f 80 00 00 00 00 4c 8b d9 4c 8b
0x00007ffcd7433ea5:   d2 49 83 f8 10 76 54 49 83 f8 20 76 2e 48 2b d1
0x00007ffcd7433eb5:   73 0d 4b 8d 04 10 48 3b c8 0f 82 dc 02 00 00 49
0x00007ffcd7433ec5:   81 f8 80 00 00 00 0f 86 0f 02 00 00 f6 05 f8 35
0x00007ffcd7433ed5:   ef 01 02 0f 84 52 01 00 00 eb a0 0f 10 02 42 0f
0x00007ffcd7433ee5:   10 4c 02 f0 0f 11 01 42 0f 11 4c 01 f0 48 8b c1
0x00007ffcd7433ef5:   c3 66 66 0f 1f 84 00 00 00 00 00 48 8b c1 4c 8d
0x00007ffcd7433f05:   0d f6 c0 7a fe 43 8b 8c 81 10 3a 8d 03 49 03 c9
0x00007ffcd7433f15:   ff e1 66 0f 1f 84 00 00 00 00 00 c3 0f b7 0a 66
0x00007ffcd7433f25:   89 08 c3 48 8b 0a 48 89 08 c3 0f b7 0a 44 0f b6
0x00007ffcd7433f35:   42 02 66 89 08 44 88 40 02 c3 0f b6 0a 88 08 c3
0x00007ffcd7433f45:   f3 0f 6f 02 f3 0f 7f 00 c3 66 90 4c 8b 02 0f b7
0x00007ffcd7433f55:   4a 08 44 0f b6 4a 0a 4c 89 00 66 89 48 08 44 88
0x00007ffcd7433f65:   48 0a c3 8b 0a 89 08 c3 0f 1f 00 8b 0a 44 0f b6
0x00007ffcd7433f75:   42 04 89 08 44 88 40 04 c3 66 90 8b 0a 44 0f b7
0x00007ffcd7433f85:   42 04 89 08 66 44 89 40 04 c3 90 8b 0a 44 0f b7
0x00007ffcd7433f95:   42 04 44 0f b6 4a 06 89 08 66 44 89 40 04 44 88
0x00007ffcd7433fa5:   48 06 c3 4c 8b 02 8b 4a 08 44 0f b6 4a 0c 4c 89
0x00007ffcd7433fb5:   00 89 48 08 44 88 48 0c c3 66 90 4c 8b 02 0f b6
0x00007ffcd7433fc5:   4a 08 4c 89 00 88 48 08 c3 66 90 4c 8b 02 0f b7
0x00007ffcd7433fd5:   4a 08 4c 89 00 66 89 48 08 c3 90 4c 8b 02 8b 4a
0x00007ffcd7433fe5:   08 4c 89 00 89 48 08 c3 0f 1f 00 4c 8b 02 8b 4a
0x00007ffcd7433ff5:   08 44 0f b7 4a 0c 4c 89 00 89 48 08 66 44 89 48
0x00007ffcd7434005:   0c c3 66 0f 1f 84 00 00 00 00 00 4c 8b 02 8b 4a
0x00007ffcd7434015:   08 44 0f b7 4a 0c 44 0f b6 52 0e 4c 89 00 89 48
0x00007ffcd7434025:   08 66 44 89 48 0c 44 88 50 0e c3 0f 10 04 11 4c
0x00007ffcd7434035:   03 c1 48 83 c1 10 41 f6 c3 0f 74 13 0f 28 c8 48 


Stack slot to memory mapping:
stack at sp + 0 slots: 0x00007ffcd6a2e93c nvoglv64.dll
stack at sp + 1 slots: 0x0000000000000110 is an unknown value
stack at sp + 2 slots: {method} {0x000001a1391a1138} 'nglDrawElements' '(IIIJ)V' in 'org/lwjgl/opengl/GL11C'
stack at sp + 3 slots: 0x00000061c9eff3d0 is pointing into the stack for thread: 0x000001a1154e3bb0
stack at sp + 4 slots: 0x00007ffcef57e342 jvm.dll
stack at sp + 5 slots: 0x000000000017555d is an unknown value
stack at sp + 6 slots: 0x000001a11cd074f6 is at code_begin+4214 in 
[CodeBlob (0x000001a11cd06410)]
Framesize: 0
BufferBlob (0x000001a11cd06410) used for native signature handlers
stack at sp + 7 slots: 0x000001a1154e3bb0 is a thread


---------------  P R O C E S S  ---------------

Threads class SMR info:
_java_thread_list=0x000001a139f43d20, length=13, elements={
0x000001a1154e3bb0, 0x000001a1387dc900, 0x000001a1387dd2b0, 0x000001a1387f2820,
0x000001a1387f51e0, 0x000001a1387f5b90, 0x000001a1387fda50, 0x000001a1387fe730,
0x000001a1388075e0, 0x000001a139410060, 0x000001a1394ab870, 0x000001a139576aa0,
0x000001a13957d220
}

Java Threads: ( => current thread )
=>0x000001a1154e3bb0 JavaThread "main" [_thread_in_native, id=34120, stack(0x00000061c9e00000,0x00000061c9f00000)]
  0x000001a1387dc900 JavaThread "Reference Handler" daemon [_thread_blocked, id=27936, stack(0x00000061ca500000,0x00000061ca600000)]
  0x000001a1387dd2b0 JavaThread "Finalizer" daemon [_thread_blocked, id=26476, stack(0x00000061ca600000,0x00000061ca700000)]
  0x000001a1387f2820 JavaThread "Signal Dispatcher" daemon [_thread_blocked, id=17820, stack(0x00000061ca700000,0x00000061ca800000)]
  0x000001a1387f51e0 JavaThread "Attach Listener" daemon [_thread_blocked, id=21704, stack(0x00000061ca800000,0x00000061ca900000)]
  0x000001a1387f5b90 JavaThread "Service Thread" daemon [_thread_blocked, id=35152, stack(0x00000061ca900000,0x00000061caa00000)]
  0x000001a1387fda50 JavaThread "Monitor Deflation Thread" daemon [_thread_blocked, id=33324, stack(0x00000061caa00000,0x00000061cab00000)]
  0x000001a1387fe730 JavaThread "C2 CompilerThread0" daemon [_thread_blocked, id=15652, stack(0x00000061cab00000,0x00000061cac00000)]
  0x000001a1388075e0 JavaThread "C1 CompilerThread0" daemon [_thread_blocked, id=28748, stack(0x00000061cac00000,0x00000061cad00000)]
  0x000001a139410060 JavaThread "Sweeper thread" daemon [_thread_blocked, id=28120, stack(0x00000061cad00000,0x00000061cae00000)]
  0x000001a1394ab870 JavaThread "C1 CompilerThread1" daemon [_thread_blocked, id=24832, stack(0x00000061cae00000,0x00000061caf00000)]
  0x000001a139576aa0 JavaThread "Notification Thread" daemon [_thread_blocked, id=35472, stack(0x00000061caf00000,0x00000061cb000000)]
  0x000001a13957d220 JavaThread "Common-Cleaner" daemon [_thread_blocked, id=16352, stack(0x00000061cb100000,0x00000061cb200000)]

Other Threads:
  0x000001a1387d8f70 VMThread "VM Thread" [stack: 0x00000061ca400000,0x00000061ca500000] [id=31344]
  0x000001a13957af80 WatcherThread [stack: 0x00000061cb000000,0x00000061cb100000] [id=27512]
  0x000001a11552ffb0 GCTaskThread "GC Thread#0" [stack: 0x00000061c9f00000,0x00000061ca000000] [id=32312]
  0x000001a115540cc0 ConcurrentGCThread "G1 Main Marker" [stack: 0x00000061ca000000,0x00000061ca100000] [id=35036]
  0x000001a1155425e0 ConcurrentGCThread "G1 Conc#0" [stack: 0x00000061ca100000,0x00000061ca200000] [id=28004]
  0x000001a1155aecf0 ConcurrentGCThread "G1 Refine#0" [stack: 0x00000061ca200000,0x00000061ca300000] [id=34160]
  0x000001a138694730 ConcurrentGCThread "G1 Service" [stack: 0x00000061ca300000,0x00000061ca400000] [id=24948]

Threads with active compile tasks:

VM state: not at safepoint (normal execution)

VM Mutex/Monitor currently owned by a thread: None

Heap address: 0x000000070a200000, size: 3934 MB, Compressed Oops mode: Zero based, Oop shift amount: 3

CDS archive(s) mapped at: [0x0000000800000000-0x0000000800bc0000-0x0000000800bc0000), size 12320768, SharedBaseAddress: 0x0000000800000000, ArchiveRelocationMode: 0.
Compressed class space mapped at: 0x0000000800c00000-0x0000000840c00000, reserved size: 1073741824
Narrow klass base: 0x0000000800000000, Narrow klass shift: 0, Narrow klass range: 0x100000000

GC Precious Log:
 CPUs: 16 total, 16 available
 Memory: 15734M
 Large Page Support: Disabled
 NUMA Support: Disabled
 Compressed Oops: Enabled (Zero based)
 Heap Region Size: 2M
 Heap Min Capacity: 8M
 Heap Initial Capacity: 246M
 Heap Max Capacity: 3934M
 Pre-touch: Disabled
 Parallel Workers: 13
 Concurrent Workers: 3
 Concurrent Refinement Workers: 13
 Periodic GC: Disabled

Heap:
 garbage-first heap   total 251904K, used 8192K [0x000000070a200000, 0x0000000800000000)
  region size 2048K, 5 young (10240K), 0 survivors (0K)
 Metaspace       used 3571K, committed 3776K, reserved 1056768K
  class space    used 197K, committed 256K, reserved 1048576K

Heap Regions: E=young(eden), S=young(survivor), O=old, HS=humongous(starts), HC=humongous(continues), CS=collection set, F=free, OA=open archive, CA=closed archive, TAMS=top-at-mark-start (previous, next)
|   0|0x000000070a200000, 0x000000070a200000, 0x000000070a400000|  0%| F|  |TAMS 0x000000070a200000, 0x000000070a200000| Untracked 
|   1|0x000000070a400000, 0x000000070a400000, 0x000000070a600000|  0%| F|  |TAMS 0x000000070a400000, 0x000000070a400000| Untracked 
|   2|0x000000070a600000, 0x000000070a600000, 0x000000070a800000|  0%| F|  |TAMS 0x000000070a600000, 0x000000070a600000| Untracked 
|   3|0x000000070a800000, 0x000000070a800000, 0x000000070aa00000|  0%| F|  |TAMS 0x000000070a800000, 0x000000070a800000| Untracked 
|   4|0x000000070aa00000, 0x000000070aa00000, 0x000000070ac00000|  0%| F|  |TAMS 0x000000070aa00000, 0x000000070aa00000| Untracked 
|   5|0x000000070ac00000, 0x000000070ac00000, 0x000000070ae00000|  0%| F|  |TAMS 0x000000070ac00000, 0x000000070ac00000| Untracked 
|   6|0x000000070ae00000, 0x000000070ae00000, 0x000000070b000000|  0%| F|  |TAMS 0x000000070ae00000, 0x000000070ae00000| Untracked 
|   7|0x000000070b000000, 0x000000070b000000, 0x000000070b200000|  0%| F|  |TAMS 0x000000070b000000, 0x000000070b000000| Untracked 
|   8|0x000000070b200000, 0x000000070b200000, 0x000000070b400000|  0%| F|  |TAMS 0x000000070b200000, 0x000000070b200000| Untracked 
|   9|0x000000070b400000, 0x000000070b400000, 0x000000070b600000|  0%| F|  |TAMS 0x000000070b400000, 0x000000070b400000| Untracked 
|  10|0x000000070b600000, 0x000000070b600000, 0x000000070b800000|  0%| F|  |TAMS 0x000000070b600000, 0x000000070b600000| Untracked 
|  11|0x000000070b800000, 0x000000070b800000, 0x000000070ba00000|  0%| F|  |TAMS 0x000000070b800000, 0x000000070b800000| Untracked 
|  12|0x000000070ba00000, 0x000000070ba00000, 0x000000070bc00000|  0%| F|  |TAMS 0x000000070ba00000, 0x000000070ba00000| Untracked 
|  13|0x000000070bc00000, 0x000000070bc00000, 0x000000070be00000|  0%| F|  |TAMS 0x000000070bc00000, 0x000000070bc00000| Untracked 
|  14|0x000000070be00000, 0x000000070be00000, 0x000000070c000000|  0%| F|  |TAMS 0x000000070be00000, 0x000000070be00000| Untracked 
|  15|0x000000070c000000, 0x000000070c000000, 0x000000070c200000|  0%| F|  |TAMS 0x000000070c000000, 0x000000070c000000| Untracked 
|  16|0x000000070c200000, 0x000000070c200000, 0x000000070c400000|  0%| F|  |TAMS 0x000000070c200000, 0x000000070c200000| Untracked 
|  17|0x000000070c400000, 0x000000070c400000, 0x000000070c600000|  0%| F|  |TAMS 0x000000070c400000, 0x000000070c400000| Untracked 
|  18|0x000000070c600000, 0x000000070c600000, 0x000000070c800000|  0%| F|  |TAMS 0x000000070c600000, 0x000000070c600000| Untracked 
|  19|0x000000070c800000, 0x000000070c800000, 0x000000070ca00000|  0%| F|  |TAMS 0x000000070c800000, 0x000000070c800000| Untracked 
|  20|0x000000070ca00000, 0x000000070ca00000, 0x000000070cc00000|  0%| F|  |TAMS 0x000000070ca00000, 0x000000070ca00000| Untracked 
|  21|0x000000070cc00000, 0x000000070cc00000, 0x000000070ce00000|  0%| F|  |TAMS 0x000000070cc00000, 0x000000070cc00000| Untracked 
|  22|0x000000070ce00000, 0x000000070ce00000, 0x000000070d000000|  0%| F|  |TAMS 0x000000070ce00000, 0x000000070ce00000| Untracked 
|  23|0x000000070d000000, 0x000000070d000000, 0x000000070d200000|  0%| F|  |TAMS 0x000000070d000000, 0x000000070d000000| Untracked 
|  24|0x000000070d200000, 0x000000070d200000, 0x000000070d400000|  0%| F|  |TAMS 0x000000070d200000, 0x000000070d200000| Untracked 
|  25|0x000000070d400000, 0x000000070d400000, 0x000000070d600000|  0%| F|  |TAMS 0x000000070d400000, 0x000000070d400000| Untracked 
|  26|0x000000070d600000, 0x000000070d600000, 0x000000070d800000|  0%| F|  |TAMS 0x000000070d600000, 0x000000070d600000| Untracked 
|  27|0x000000070d800000, 0x000000070d800000, 0x000000070da00000|  0%| F|  |TAMS 0x000000070d800000, 0x000000070d800000| Untracked 
|  28|0x000000070da00000, 0x000000070da00000, 0x000000070dc00000|  0%| F|  |TAMS 0x000000070da00000, 0x000000070da00000| Untracked 
|  29|0x000000070dc00000, 0x000000070dc00000, 0x000000070de00000|  0%| F|  |TAMS 0x000000070dc00000, 0x000000070dc00000| Untracked 
|  30|0x000000070de00000, 0x000000070de00000, 0x000000070e000000|  0%| F|  |TAMS 0x000000070de00000, 0x000000070de00000| Untracked 
|  31|0x000000070e000000, 0x000000070e000000, 0x000000070e200000|  0%| F|  |TAMS 0x000000070e000000, 0x000000070e000000| Untracked 
|  32|0x000000070e200000, 0x000000070e200000, 0x000000070e400000|  0%| F|  |TAMS 0x000000070e200000, 0x000000070e200000| Untracked 
|  33|0x000000070e400000, 0x000000070e400000, 0x000000070e600000|  0%| F|  |TAMS 0x000000070e400000, 0x000000070e400000| Untracked 
|  34|0x000000070e600000, 0x000000070e600000, 0x000000070e800000|  0%| F|  |TAMS 0x000000070e600000, 0x000000070e600000| Untracked 
|  35|0x000000070e800000, 0x000000070e800000, 0x000000070ea00000|  0%| F|  |TAMS 0x000000070e800000, 0x000000070e800000| Untracked 
|  36|0x000000070ea00000, 0x000000070ea00000, 0x000000070ec00000|  0%| F|  |TAMS 0x000000070ea00000, 0x000000070ea00000| Untracked 
|  37|0x000000070ec00000, 0x000000070ec00000, 0x000000070ee00000|  0%| F|  |TAMS 0x000000070ec00000, 0x000000070ec00000| Untracked 
|  38|0x000000070ee00000, 0x000000070ee00000, 0x000000070f000000|  0%| F|  |TAMS 0x000000070ee00000, 0x000000070ee00000| Untracked 
|  39|0x000000070f000000, 0x000000070f000000, 0x000000070f200000|  0%| F|  |TAMS 0x000000070f000000, 0x000000070f000000| Untracked 
|  40|0x000000070f200000, 0x000000070f200000, 0x000000070f400000|  0%| F|  |TAMS 0x000000070f200000, 0x000000070f200000| Untracked 
|  41|0x000000070f400000, 0x000000070f400000, 0x000000070f600000|  0%| F|  |TAMS 0x000000070f400000, 0x000000070f400000| Untracked 
|  42|0x000000070f600000, 0x000000070f600000, 0x000000070f800000|  0%| F|  |TAMS 0x000000070f600000, 0x000000070f600000| Untracked 
|  43|0x000000070f800000, 0x000000070f800000, 0x000000070fa00000|  0%| F|  |TAMS 0x000000070f800000, 0x000000070f800000| Untracked 
|  44|0x000000070fa00000, 0x000000070fa00000, 0x000000070fc00000|  0%| F|  |TAMS 0x000000070fa00000, 0x000000070fa00000| Untracked 
|  45|0x000000070fc00000, 0x000000070fc00000, 0x000000070fe00000|  0%| F|  |TAMS 0x000000070fc00000, 0x000000070fc00000| Untracked 
|  46|0x000000070fe00000, 0x000000070fe00000, 0x0000000710000000|  0%| F|  |TAMS 0x000000070fe00000, 0x000000070fe00000| Untracked 
|  47|0x0000000710000000, 0x0000000710000000, 0x0000000710200000|  0%| F|  |TAMS 0x0000000710000000, 0x0000000710000000| Untracked 
|  48|0x0000000710200000, 0x0000000710200000, 0x0000000710400000|  0%| F|  |TAMS 0x0000000710200000, 0x0000000710200000| Untracked 
|  49|0x0000000710400000, 0x0000000710400000, 0x0000000710600000|  0%| F|  |TAMS 0x0000000710400000, 0x0000000710400000| Untracked 
|  50|0x0000000710600000, 0x0000000710600000, 0x0000000710800000|  0%| F|  |TAMS 0x0000000710600000, 0x0000000710600000| Untracked 
|  51|0x0000000710800000, 0x0000000710800000, 0x0000000710a00000|  0%| F|  |TAMS 0x0000000710800000, 0x0000000710800000| Untracked 
|  52|0x0000000710a00000, 0x0000000710a00000, 0x0000000710c00000|  0%| F|  |TAMS 0x0000000710a00000, 0x0000000710a00000| Untracked 
|  53|0x0000000710c00000, 0x0000000710c00000, 0x0000000710e00000|  0%| F|  |TAMS 0x0000000710c00000, 0x0000000710c00000| Untracked 
|  54|0x0000000710e00000, 0x0000000710e00000, 0x0000000711000000|  0%| F|  |TAMS 0x0000000710e00000, 0x0000000710e00000| Untracked 
|  55|0x0000000711000000, 0x0000000711000000, 0x0000000711200000|  0%| F|  |TAMS 0x0000000711000000, 0x0000000711000000| Untracked 
|  56|0x0000000711200000, 0x0000000711200000, 0x0000000711400000|  0%| F|  |TAMS 0x0000000711200000, 0x0000000711200000| Untracked 
|  57|0x0000000711400000, 0x0000000711400000, 0x0000000711600000|  0%| F|  |TAMS 0x0000000711400000, 0x0000000711400000| Untracked 
|  58|0x0000000711600000, 0x0000000711600000, 0x0000000711800000|  0%| F|  |TAMS 0x0000000711600000, 0x0000000711600000| Untracked 
|  59|0x0000000711800000, 0x0000000711800000, 0x0000000711a00000|  0%| F|  |TAMS 0x0000000711800000, 0x0000000711800000| Untracked 
|  60|0x0000000711a00000, 0x0000000711a00000, 0x0000000711c00000|  0%| F|  |TAMS 0x0000000711a00000, 0x0000000711a00000| Untracked 
|  61|0x0000000711c00000, 0x0000000711c00000, 0x0000000711e00000|  0%| F|  |TAMS 0x0000000711c00000, 0x0000000711c00000| Untracked 
|  62|0x0000000711e00000, 0x0000000711e00000, 0x0000000712000000|  0%| F|  |TAMS 0x0000000711e00000, 0x0000000711e00000| Untracked 
|  63|0x0000000712000000, 0x0000000712000000, 0x0000000712200000|  0%| F|  |TAMS 0x0000000712000000, 0x0000000712000000| Untracked 
|  64|0x0000000712200000, 0x0000000712200000, 0x0000000712400000|  0%| F|  |TAMS 0x0000000712200000, 0x0000000712200000| Untracked 
|  65|0x0000000712400000, 0x0000000712400000, 0x0000000712600000|  0%| F|  |TAMS 0x0000000712400000, 0x0000000712400000| Untracked 
|  66|0x0000000712600000, 0x0000000712600000, 0x0000000712800000|  0%| F|  |TAMS 0x0000000712600000, 0x0000000712600000| Untracked 
|  67|0x0000000712800000, 0x0000000712800000, 0x0000000712a00000|  0%| F|  |TAMS 0x0000000712800000, 0x0000000712800000| Untracked 
|  68|0x0000000712a00000, 0x0000000712a00000, 0x0000000712c00000|  0%| F|  |TAMS 0x0000000712a00000, 0x0000000712a00000| Untracked 
|  69|0x0000000712c00000, 0x0000000712c00000, 0x0000000712e00000|  0%| F|  |TAMS 0x0000000712c00000, 0x0000000712c00000| Untracked 
|  70|0x0000000712e00000, 0x0000000712e00000, 0x0000000713000000|  0%| F|  |TAMS 0x0000000712e00000, 0x0000000712e00000| Untracked 
|  71|0x0000000713000000, 0x0000000713000000, 0x0000000713200000|  0%| F|  |TAMS 0x0000000713000000, 0x0000000713000000| Untracked 
|  72|0x0000000713200000, 0x0000000713200000, 0x0000000713400000|  0%| F|  |TAMS 0x0000000713200000, 0x0000000713200000| Untracked 
|  73|0x0000000713400000, 0x0000000713400000, 0x0000000713600000|  0%| F|  |TAMS 0x0000000713400000, 0x0000000713400000| Untracked 
|  74|0x0000000713600000, 0x0000000713600000, 0x0000000713800000|  0%| F|  |TAMS 0x0000000713600000, 0x0000000713600000| Untracked 
|  75|0x0000000713800000, 0x0000000713800000, 0x0000000713a00000|  0%| F|  |TAMS 0x0000000713800000, 0x0000000713800000| Untracked 
|  76|0x0000000713a00000, 0x0000000713a00000, 0x0000000713c00000|  0%| F|  |TAMS 0x0000000713a00000, 0x0000000713a00000| Untracked 
|  77|0x0000000713c00000, 0x0000000713c00000, 0x0000000713e00000|  0%| F|  |TAMS 0x0000000713c00000, 0x0000000713c00000| Untracked 
|  78|0x0000000713e00000, 0x0000000713e00000, 0x0000000714000000|  0%| F|  |TAMS 0x0000000713e00000, 0x0000000713e00000| Untracked 
|  79|0x0000000714000000, 0x0000000714000000, 0x0000000714200000|  0%| F|  |TAMS 0x0000000714000000, 0x0000000714000000| Untracked 
|  80|0x0000000714200000, 0x0000000714200000, 0x0000000714400000|  0%| F|  |TAMS 0x0000000714200000, 0x0000000714200000| Untracked 
|  81|0x0000000714400000, 0x0000000714400000, 0x0000000714600000|  0%| F|  |TAMS 0x0000000714400000, 0x0000000714400000| Untracked 
|  82|0x0000000714600000, 0x0000000714600000, 0x0000000714800000|  0%| F|  |TAMS 0x0000000714600000, 0x0000000714600000| Untracked 
|  83|0x0000000714800000, 0x0000000714800000, 0x0000000714a00000|  0%| F|  |TAMS 0x0000000714800000, 0x0000000714800000| Untracked 
|  84|0x0000000714a00000, 0x0000000714a00000, 0x0000000714c00000|  0%| F|  |TAMS 0x0000000714a00000, 0x0000000714a00000| Untracked 
|  85|0x0000000714c00000, 0x0000000714c00000, 0x0000000714e00000|  0%| F|  |TAMS 0x0000000714c00000, 0x0000000714c00000| Untracked 
|  86|0x0000000714e00000, 0x0000000714e00000, 0x0000000715000000|  0%| F|  |TAMS 0x0000000714e00000, 0x0000000714e00000| Untracked 
|  87|0x0000000715000000, 0x0000000715000000, 0x0000000715200000|  0%| F|  |TAMS 0x0000000715000000, 0x0000000715000000| Untracked 
|  88|0x0000000715200000, 0x0000000715200000, 0x0000000715400000|  0%| F|  |TAMS 0x0000000715200000, 0x0000000715200000| Untracked 
|  89|0x0000000715400000, 0x0000000715400000, 0x0000000715600000|  0%| F|  |TAMS 0x0000000715400000, 0x0000000715400000| Untracked 
|  90|0x0000000715600000, 0x0000000715600000, 0x0000000715800000|  0%| F|  |TAMS 0x0000000715600000, 0x0000000715600000| Untracked 
|  91|0x0000000715800000, 0x0000000715800000, 0x0000000715a00000|  0%| F|  |TAMS 0x0000000715800000, 0x0000000715800000| Untracked 
|  92|0x0000000715a00000, 0x0000000715a00000, 0x0000000715c00000|  0%| F|  |TAMS 0x0000000715a00000, 0x0000000715a00000| Untracked 
|  93|0x0000000715c00000, 0x0000000715c00000, 0x0000000715e00000|  0%| F|  |TAMS 0x0000000715c00000, 0x0000000715c00000| Untracked 
|  94|0x0000000715e00000, 0x0000000715e00000, 0x0000000716000000|  0%| F|  |TAMS 0x0000000715e00000, 0x0000000715e00000| Untracked 
|  95|0x0000000716000000, 0x0000000716000000, 0x0000000716200000|  0%| F|  |TAMS 0x0000000716000000, 0x0000000716000000| Untracked 
|  96|0x0000000716200000, 0x0000000716200000, 0x0000000716400000|  0%| F|  |TAMS 0x0000000716200000, 0x0000000716200000| Untracked 
|  97|0x0000000716400000, 0x0000000716400000, 0x0000000716600000|  0%| F|  |TAMS 0x0000000716400000, 0x0000000716400000| Untracked 
|  98|0x0000000716600000, 0x0000000716600000, 0x0000000716800000|  0%| F|  |TAMS 0x0000000716600000, 0x0000000716600000| Untracked 
|  99|0x0000000716800000, 0x0000000716800000, 0x0000000716a00000|  0%| F|  |TAMS 0x0000000716800000, 0x0000000716800000| Untracked 
| 100|0x0000000716a00000, 0x0000000716a00000, 0x0000000716c00000|  0%| F|  |TAMS 0x0000000716a00000, 0x0000000716a00000| Untracked 
| 101|0x0000000716c00000, 0x0000000716c00000, 0x0000000716e00000|  0%| F|  |TAMS 0x0000000716c00000, 0x0000000716c00000| Untracked 
| 102|0x0000000716e00000, 0x0000000716e00000, 0x0000000717000000|  0%| F|  |TAMS 0x0000000716e00000, 0x0000000716e00000| Untracked 
| 103|0x0000000717000000, 0x0000000717000000, 0x0000000717200000|  0%| F|  |TAMS 0x0000000717000000, 0x0000000717000000| Untracked 
| 104|0x0000000717200000, 0x0000000717200000, 0x0000000717400000|  0%| F|  |TAMS 0x0000000717200000, 0x0000000717200000| Untracked 
| 105|0x0000000717400000, 0x0000000717400000, 0x0000000717600000|  0%| F|  |TAMS 0x0000000717400000, 0x0000000717400000| Untracked 
| 106|0x0000000717600000, 0x0000000717600000, 0x0000000717800000|  0%| F|  |TAMS 0x0000000717600000, 0x0000000717600000| Untracked 
| 107|0x0000000717800000, 0x0000000717800000, 0x0000000717a00000|  0%| F|  |TAMS 0x0000000717800000, 0x0000000717800000| Untracked 
| 108|0x0000000717a00000, 0x0000000717a00000, 0x0000000717c00000|  0%| F|  |TAMS 0x0000000717a00000, 0x0000000717a00000| Untracked 
| 109|0x0000000717c00000, 0x0000000717c00000, 0x0000000717e00000|  0%| F|  |TAMS 0x0000000717c00000, 0x0000000717c00000| Untracked 
| 110|0x0000000717e00000, 0x0000000717e00000, 0x0000000718000000|  0%| F|  |TAMS 0x0000000717e00000, 0x0000000717e00000| Untracked 
| 111|0x0000000718000000, 0x0000000718000000, 0x0000000718200000|  0%| F|  |TAMS 0x0000000718000000, 0x0000000718000000| Untracked 
| 112|0x0000000718200000, 0x0000000718200000, 0x0000000718400000|  0%| F|  |TAMS 0x0000000718200000, 0x0000000718200000| Untracked 
| 113|0x0000000718400000, 0x0000000718400000, 0x0000000718600000|  0%| F|  |TAMS 0x0000000718400000, 0x0000000718400000| Untracked 
| 114|0x0000000718600000, 0x0000000718600000, 0x0000000718800000|  0%| F|  |TAMS 0x0000000718600000, 0x0000000718600000| Untracked 
| 115|0x0000000718800000, 0x0000000718800000, 0x0000000718a00000|  0%| F|  |TAMS 0x0000000718800000, 0x0000000718800000| Untracked 
| 116|0x0000000718a00000, 0x0000000718a00000, 0x0000000718c00000|  0%| F|  |TAMS 0x0000000718a00000, 0x0000000718a00000| Untracked 
| 117|0x0000000718c00000, 0x0000000718c00000, 0x0000000718e00000|  0%| F|  |TAMS 0x0000000718c00000, 0x0000000718c00000| Untracked 
| 118|0x0000000718e00000, 0x0000000718eefb60, 0x0000000719000000| 46%| E|  |TAMS 0x0000000718e00000, 0x0000000718e00000| Complete 
| 119|0x0000000719000000, 0x0000000719200000, 0x0000000719200000|100%| E|CS|TAMS 0x0000000719000000, 0x0000000719000000| Complete 
| 120|0x0000000719200000, 0x0000000719400000, 0x0000000719400000|100%| E|CS|TAMS 0x0000000719200000, 0x0000000719200000| Complete 
| 121|0x0000000719400000, 0x0000000719600000, 0x0000000719600000|100%| E|CS|TAMS 0x0000000719400000, 0x0000000719400000| Complete 
| 122|0x0000000719600000, 0x0000000719800000, 0x0000000719800000|100%| E|CS|TAMS 0x0000000719600000, 0x0000000719600000| Complete 

Card table byte_map: [0x000001a12cd10000,0x000001a12d4c0000] _byte_map_base: 0x000001a1294bf000

Marking Bits (Prev, Next): (CMBitMap*) 0x000001a1155304c0, (CMBitMap*) 0x000001a115530500
 Prev Bits: [0x000001a12dc70000, 0x000001a1319e8000)
 Next Bits: [0x000001a1319f0000, 0x000001a135768000)

Polling page: 0x000001a114cb0000

Metaspace:

Usage:
  Non-class:      3.30 MB used.
      Class:    197.11 KB used.
       Both:      3.49 MB used.

Virtual space:
  Non-class space:        8.00 MB reserved,       3.44 MB ( 43%) committed,  1 nodes.
      Class space:        1.00 GB reserved,     256.00 KB ( <1%) committed,  1 nodes.
             Both:        1.01 GB reserved,       3.69 MB ( <1%) committed. 

Chunk freelists:
   Non-Class:  1.86 MB
       Class:  3.63 MB
        Both:  5.49 MB

MaxMetaspaceSize: unlimited
CompressedClassSpaceSize: 1.00 GB
Initial GC threshold: 21.00 MB
Current GC threshold: 21.00 MB
CDS: on
MetaspaceReclaimPolicy: balanced
 - commit_granule_bytes: 65536.
 - commit_granule_words: 8192.
 - virtual_space_node_default_size: 1048576.
 - enlarge_chunks_in_place: 1.
 - new_chunks_are_fully_committed: 0.
 - uncommit_free_chunks: 1.
 - use_allocation_guard: 0.
 - handle_deallocations: 1.


Internal statistics:

num_allocs_failed_limit: 0.
num_arena_births: 74.
num_arena_deaths: 0.
num_vsnodes_births: 2.
num_vsnodes_deaths: 0.
num_space_committed: 57.
num_space_uncommitted: 0.
num_chunks_returned_to_freelist: 0.
num_chunks_taken_from_freelist: 173.
num_chunk_merges: 0.
num_chunk_splits: 110.
num_chunks_enlarged: 81.
num_purges: 0.
num_inconsistent_stats: 0.

CodeHeap 'non-profiled nmethods': size=119168Kb used=179Kb max_used=179Kb free=118988Kb
 bounds [0x000001a124880000, 0x000001a124af0000, 0x000001a12bce0000]
CodeHeap 'profiled nmethods': size=119104Kb used=1110Kb max_used=1110Kb free=117993Kb
 bounds [0x000001a11d430000, 0x000001a11d6a0000, 0x000001a124880000]
CodeHeap 'non-nmethods': size=7488Kb used=2105Kb max_used=2118Kb free=5382Kb
 bounds [0x000001a11cce0000, 0x000001a11cf50000, 0x000001a11d430000]
 total_blobs=1626 nmethods=669 adapters=869
 compilation: enabled
              stopped_count=0, restarted_count=0
 full_count=0

Compilation events (20 events):
Event: 0.993 Thread 0x000001a1388075e0 nmethod 660 0x000001a11d531b90 code [0x000001a11d531d20, 0x000001a11d531ed8]
Event: 0.994 Thread 0x000001a1388075e0  661       3       jdk.internal.ref.PhantomCleanable::<init> (49 bytes)
Event: 0.994 Thread 0x000001a1388075e0 nmethod 661 0x000001a11d532010 code [0x000001a11d532260, 0x000001a11d532db8]
Event: 0.994 Thread 0x000001a1388075e0  662   !   3       jdk.internal.ref.PhantomCleanable::insert (53 bytes)
Event: 0.994 Thread 0x000001a1388075e0 nmethod 662 0x000001a11d533110 code [0x000001a11d5332c0, 0x000001a11d533658]
Event: 0.995 Thread 0x000001a1388075e0  663       3       jdk.internal.ref.CleanerFactory::cleaner (4 bytes)
Event: 0.995 Thread 0x000001a1388075e0 nmethod 663 0x000001a11d533810 code [0x000001a11d5339a0, 0x000001a11d533a98]
Event: 0.997 Thread 0x000001a1388075e0  664   !   3       java.util.zip.ZipFile$ZipFileInputStream::close (59 bytes)
Event: 0.998 Thread 0x000001a1388075e0 nmethod 664 0x000001a11d533b10 code [0x000001a11d533cc0, 0x000001a11d534048]
Event: 0.998 Thread 0x000001a1388075e0  666       3       java.util.WeakHashMap::remove (131 bytes)
Event: 0.998 Thread 0x000001a1388075e0 nmethod 666 0x000001a11d534210 code [0x000001a11d534460, 0x000001a11d534ff8]
Event: 0.998 Thread 0x000001a1388075e0  667       3       java.util.ImmutableCollections$AbstractImmutableSet::<init> (5 bytes)
Event: 0.999 Thread 0x000001a1388075e0 nmethod 667 0x000001a11d535410 code [0x000001a11d5355c0, 0x000001a11d5357f8]
Event: 0.999 Thread 0x000001a1388075e0  665       3       java.util.Collections$SetFromMap::remove (19 bytes)
Event: 0.999 Thread 0x000001a1388075e0 nmethod 665 0x000001a11d535910 code [0x000001a11d535ac0, 0x000001a11d535ce8]
Event: 1.003 Thread 0x000001a1394ab870 nmethod 657 0x000001a11d535d90 code [0x000001a11d536ec0, 0x000001a11d541588]
Event: 1.100 Thread 0x000001a1394ab870  668       3       sun.nio.cs.SingleByte$Encoder::encode (32 bytes)
Event: 1.100 Thread 0x000001a1394ab870 nmethod 668 0x000001a11d545490 code [0x000001a11d545640, 0x000001a11d545838]
Event: 1.105 Thread 0x000001a1387fe730  669       4       jdk.internal.misc.Unsafe::putReferenceRelease (9 bytes)
Event: 1.107 Thread 0x000001a1387fe730 nmethod 669 0x000001a1248acc10 code [0x000001a1248acd80, 0x000001a1248aceb8]

GC Heap History (0 events):
No events

Deoptimization events (10 events):
Event: 0.208 Thread 0x000001a1154e3bb0 DEOPT PACKING pc=0x000001a11d44bfe7 sp=0x00000061c9efa220
Event: 0.208 Thread 0x000001a1154e3bb0 DEOPT UNPACKING pc=0x000001a11cd32b43 sp=0x00000061c9ef9640 mode 0
Event: 0.224 Thread 0x000001a1154e3bb0 Uncommon trap: trap_request=0xffffff45 fr.pc=0x000001a124896b64 relative=0x0000000000000064
Event: 0.224 Thread 0x000001a1154e3bb0 Uncommon trap: reason=unstable_if action=reinterpret pc=0x000001a124896b64 method=java.io.WinNTFileSystem.isSlash(C)Z @ 9 c2
Event: 0.224 Thread 0x000001a1154e3bb0 DEOPT PACKING pc=0x000001a124896b64 sp=0x00000061c9efbc90
Event: 0.224 Thread 0x000001a1154e3bb0 DEOPT UNPACKING pc=0x000001a11cd323a3 sp=0x00000061c9efbc18 mode 2
Event: 0.898 Thread 0x000001a1154e3bb0 Uncommon trap: trap_request=0xffffff54 fr.pc=0x000001a1248a4be0 relative=0x0000000000000060
Event: 0.898 Thread 0x000001a1154e3bb0 Uncommon trap: reason=speculate_null_assert action=make_not_entrant pc=0x000001a1248a4be0 method=sun.misc.Unsafe.putLong(Ljava/lang/Object;JJ)V @ 7 c2
Event: 0.898 Thread 0x000001a1154e3bb0 DEOPT PACKING pc=0x000001a1248a4be0 sp=0x00000061c9eff190
Event: 0.898 Thread 0x000001a1154e3bb0 DEOPT UNPACKING pc=0x000001a11cd323a3 sp=0x00000061c9eff108 mode 2

Classes unloaded (0 events):
No events

Classes redefined (0 events):
No events

Internal exceptions (20 events):
Event: 0.175 Thread 0x000001a1154e3bb0 Exception <a 'java/lang/NoSuchMethodError'{0x000000071955cb08}: 'void java.lang.invoke.DirectMethodHandle$Holder.invokeStatic(java.lang.Object, java.lang.Object)'> (0x000000071955cb08) 
thrown [t:\workspace\open\src\hotspot\share\interpreter\linkResolver.cpp, line 766]
Event: 0.176 Thread 0x000001a1154e3bb0 Exception <a 'java/lang/NoSuchMethodError'{0x0000000719562350}: 'void java.lang.invoke.DirectMethodHandle$Holder.invokeSpecial(java.lang.Object, java.lang.Object, java.lang.Object)'> (0x0000000719562350) 
thrown [t:\workspace\open\src\hotspot\share\interpreter\linkResolver.cpp, line 766]
Event: 0.181 Thread 0x000001a1154e3bb0 Exception <a 'java/lang/NoSuchMethodError'{0x0000000719575920}: 'java.lang.Object java.lang.invoke.DirectMethodHandle$Holder.invokeStatic(java.lang.Object, java.lang.Object, int)'> (0x0000000719575920) 
thrown [t:\workspace\open\src\hotspot\share\interpreter\linkResolver.cpp, line 766]
Event: 0.182 Thread 0x000001a1154e3bb0 Exception <a 'java/lang/NoSuchMethodError'{0x0000000719581690}: 'void java.lang.invoke.DelegatingMethodHandle$Holder.delegate(java.lang.Object, java.lang.Object, int, java.lang.Object)'> (0x0000000719581690) 
thrown [t:\workspace\open\src\hotspot\share\interpreter\linkResolver.cpp, line 766]
Event: 0.183 Thread 0x000001a1154e3bb0 Exception <a 'java/lang/NoSuchMethodError'{0x00000007195858d0}: 'int java.lang.invoke.DirectMethodHandle$Holder.invokeSpecial(java.lang.Object, java.lang.Object, java.lang.Object)'> (0x00000007195858d0) 
thrown [t:\workspace\open\src\hotspot\share\interpreter\linkResolver.cpp, line 766]
Event: 0.231 Thread 0x000001a1154e3bb0 Exception <a 'sun/nio/fs/WindowsException'{0x0000000719210e28}> (0x0000000719210e28) 
thrown [t:\workspace\open\src\hotspot\share\prims\jni.cpp, line 516]
Event: 0.232 Thread 0x000001a1154e3bb0 Exception <a 'sun/nio/fs/WindowsException'{0x0000000719211388}> (0x0000000719211388) 
thrown [t:\workspace\open\src\hotspot\share\prims\jni.cpp, line 516]
Event: 0.244 Thread 0x000001a1154e3bb0 Exception <a 'java/lang/NoSuchMethodError'{0x0000000719247bf8}: 'int java.lang.invoke.DirectMethodHandle$Holder.invokeStaticInit(java.lang.Object, java.lang.Object, int, long)'> (0x0000000719247bf8) 
thrown [t:\workspace\open\src\hotspot\share\interpreter\linkResolver.cpp, line 766]
Event: 0.245 Thread 0x000001a1154e3bb0 Exception <a 'java/lang/NoSuchMethodError'{0x000000071924d4c0}: 'java.lang.Object java.lang.invoke.DirectMethodHandle$Holder.newInvokeSpecial(java.lang.Object, java.lang.Object, int)'> (0x000000071924d4c0) 
thrown [t:\workspace\open\src\hotspot\share\interpreter\linkResolver.cpp, line 766]
Event: 0.247 Thread 0x000001a1154e3bb0 Exception <a 'java/lang/NoSuchMethodError'{0x000000071925d330}: 'int java.lang.invoke.DirectMethodHandle$Holder.invokeStaticInit(java.lang.Object, java.lang.Object, long, long)'> (0x000000071925d330) 
thrown [t:\workspace\open\src\hotspot\share\interpreter\linkResolver.cpp, line 766]
Event: 0.248 Thread 0x000001a1154e3bb0 Exception <a 'java/lang/NoSuchMethodError'{0x0000000719263440}: 'java.lang.Object java.lang.invoke.DirectMethodHandle$Holder.newInvokeSpecial(java.lang.Object, java.lang.Object, long)'> (0x0000000719263440) 
thrown [t:\workspace\open\src\hotspot\share\interpreter\linkResolver.cpp, line 766]
Event: 0.249 Thread 0x000001a1154e3bb0 Exception <a 'java/lang/NoSuchMethodError'{0x0000000719267488}: 'java.lang.Object java.lang.invoke.Invokers$Holder.linkToTargetMethod(java.lang.Object, long, java.lang.Object)'> (0x0000000719267488) 
thrown [t:\workspace\open\src\hotspot\share\interpreter\linkResolver.cpp, line 766]
Event: 0.249 Thread 0x000001a1154e3bb0 Exception <a 'java/lang/NoSuchMethodError'{0x000000071926eba0}: 'int java.lang.invoke.DirectMethodHandle$Holder.invokeStaticInit(java.lang.Object, java.lang.Object, java.lang.Object, long)'> (0x000000071926eba0) 
thrown [t:\workspace\open\src\hotspot\share\interpreter\linkResolver.cpp, line 766]
Event: 0.273 Thread 0x000001a1154e3bb0 Exception <a 'sun/nio/fs/WindowsException'{0x0000000719329158}> (0x0000000719329158) 
thrown [t:\workspace\open\src\hotspot\share\prims\jni.cpp, line 516]
Event: 0.274 Thread 0x000001a1154e3bb0 Exception <a 'sun/nio/fs/WindowsException'{0x00000007193294d8}> (0x00000007193294d8) 
thrown [t:\workspace\open\src\hotspot\share\prims\jni.cpp, line 516]
Event: 0.576 Thread 0x000001a1154e3bb0 Exception <a 'java/lang/NoSuchMethodError'{0x00000007193a5510}: 'void java.lang.invoke.DirectMethodHandle$Holder.invokeStatic(java.lang.Object, int, int)'> (0x00000007193a5510) 
thrown [t:\workspace\open\src\hotspot\share\interpreter\linkResolver.cpp, line 766]
Event: 0.891 Thread 0x000001a1154e3bb0 Exception <a 'sun/nio/fs/WindowsException'{0x00000007193e9940}> (0x00000007193e9940) 
thrown [t:\workspace\open\src\hotspot\share\prims\jni.cpp, line 516]
Event: 0.891 Thread 0x000001a1154e3bb0 Exception <a 'sun/nio/fs/WindowsException'{0x00000007193e9d00}> (0x00000007193e9d00) 
thrown [t:\workspace\open\src\hotspot\share\prims\jni.cpp, line 516]
Event: 0.894 Thread 0x000001a1154e3bb0 Exception <a 'sun/nio/fs/WindowsException'{0x00000007193f0990}> (0x00000007193f0990) 
thrown [t:\workspace\open\src\hotspot\share\prims\jni.cpp, line 516]
Event: 0.894 Thread 0x000001a1154e3bb0 Exception <a 'sun/nio/fs/WindowsException'{0x00000007193f0c88}> (0x00000007193f0c88) 
thrown [t:\workspace\open\src\hotspot\share\prims\jni.cpp, line 516]

VM Operations (4 events):
Event: 0.109 Executing VM operation: HandshakeAllThreads
Event: 0.109 Executing VM operation: HandshakeAllThreads done
Event: 0.224 Executing VM operation: HandshakeAllThreads
Event: 0.224 Executing VM operation: HandshakeAllThreads done

Events (20 events):
Event: 0.279 loading class jdk/internal/reflect/UnsafeQualifiedStaticIntegerFieldAccessorImpl done
Event: 0.893 Loaded shared library C:\Users\Orlando\AppData\Local\Temp\lwjglOrlando\3.3.1-build-7\lwjgl_opengl.dll
Event: 0.896 Thread 0x000001a139f440b0 Thread added: 0x000001a139f440b0
Event: 0.902 loading class jdk/internal/module/ModulePatcher$PatchedModuleReader
Event: 0.902 loading class jdk/internal/module/ModulePatcher$PatchedModuleReader done
Event: 0.902 loading class sun/net/www/protocol/jrt/Handler
Event: 0.902 loading class sun/net/www/protocol/jrt/Handler done
Event: 0.907 loading class sun/util/resources/LocaleData$CommonResourceBundleProvider
Event: 0.907 loading class sun/util/resources/LocaleData$LocaleDataResourceBundleProvider
Event: 0.907 loading class java/util/spi/ResourceBundleProvider
Event: 0.907 loading class java/util/spi/ResourceBundleProvider done
Event: 0.907 loading class sun/util/resources/LocaleData$LocaleDataResourceBundleProvider done
Event: 0.907 loading class sun/util/resources/LocaleData$CommonResourceBundleProvider done
Event: 0.907 loading class java/util/ArrayList$SubList$1
Event: 0.908 loading class java/util/ArrayList$SubList$1 done
Event: 0.908 loading class sun/util/resources/Bundles$2
Event: 0.908 loading class sun/util/resources/Bundles$2 done
Event: 0.921 loading class jdk/internal/misc/ScopedMemoryAccess$Scope
Event: 0.921 loading class jdk/internal/misc/ScopedMemoryAccess$Scope done
Event: 1.100 Thread 0x000001a139f440b0 Thread exited: 0x000001a139f440b0


Dynamic libraries:
0x00007ff623fc0000 - 0x00007ff623fd0000 	C:\Program Files\Java\jdk-17.0.1\bin\java.exe
0x00007ffd57c70000 - 0x00007ffd57e84000 	C:\WINDOWS\SYSTEM32\ntdll.dll
0x00007ffd56900000 - 0x00007ffd569c3000 	C:\WINDOWS\System32\KERNEL32.DLL
0x00007ffd55370000 - 0x00007ffd5570d000 	C:\WINDOWS\System32\KERNELBASE.dll
0x00007ffd55820000 - 0x00007ffd55931000 	C:\WINDOWS\System32\ucrtbase.dll
0x00007ffd4e320000 - 0x00007ffd4e338000 	C:\Program Files\Java\jdk-17.0.1\bin\jli.dll
0x00007ffd47b20000 - 0x00007ffd47b3a000 	C:\Program Files\Java\jdk-17.0.1\bin\VCRUNTIME140.dll
0x00007ffd57b70000 - 0x00007ffd57c1e000 	C:\WINDOWS\System32\ADVAPI32.dll
0x00007ffd57080000 - 0x00007ffd57127000 	C:\WINDOWS\System32\msvcrt.dll
0x00007ffd56d00000 - 0x00007ffd56da4000 	C:\WINDOWS\System32\sechost.dll
0x00007ffd561e0000 - 0x00007ffd562f5000 	C:\WINDOWS\System32\RPCRT4.dll
0x00007ffd563c0000 - 0x00007ffd5656d000 	C:\WINDOWS\System32\USER32.dll
0x00007ffd55090000 - 0x00007ffd550b6000 	C:\WINDOWS\System32\win32u.dll
0x00007ffd45b10000 - 0x00007ffd45d9e000 	C:\WINDOWS\WinSxS\amd64_microsoft.windows.common-controls_6595b64144ccf1df_6.0.22621.608_none_a9444ca7c10bb01d\COMCTL32.dll
0x00007ffd57000000 - 0x00007ffd57029000 	C:\WINDOWS\System32\GDI32.dll
0x00007ffd55940000 - 0x00007ffd55a52000 	C:\WINDOWS\System32\gdi32full.dll
0x00007ffd55710000 - 0x00007ffd557aa000 	C:\WINDOWS\System32\msvcp_win.dll
0x00007ffd4c780000 - 0x00007ffd4c78a000 	C:\WINDOWS\SYSTEM32\VERSION.dll
0x00007ffd57340000 - 0x00007ffd57372000 	C:\WINDOWS\System32\IMM32.DLL
0x00007ffd4faa0000 - 0x00007ffd4faac000 	C:\Program Files\Java\jdk-17.0.1\bin\vcruntime140_1.dll
0x00007ffd3b4c0000 - 0x00007ffd3b54d000 	C:\Program Files\Java\jdk-17.0.1\bin\msvcp140.dll
0x00007ffcef200000 - 0x00007ffcefdbe000 	C:\Program Files\Java\jdk-17.0.1\bin\server\jvm.dll
0x00007ffd57130000 - 0x00007ffd57138000 	C:\WINDOWS\System32\PSAPI.DLL
0x00007ffd30400000 - 0x00007ffd30409000 	C:\WINDOWS\SYSTEM32\WSOCK32.dll
0x00007ffd4ede0000 - 0x00007ffd4ee14000 	C:\WINDOWS\SYSTEM32\WINMM.dll
0x00007ffd56ab0000 - 0x00007ffd56b21000 	C:\WINDOWS\System32\WS2_32.dll
0x00007ffd540b0000 - 0x00007ffd540c8000 	C:\WINDOWS\SYSTEM32\kernel.appcore.dll
0x00007ffd4c7a0000 - 0x00007ffd4c7aa000 	C:\Program Files\Java\jdk-17.0.1\bin\jimage.dll
0x00007ffd52330000 - 0x00007ffd5255e000 	C:\WINDOWS\SYSTEM32\DBGHELP.DLL
0x00007ffd56570000 - 0x00007ffd568fa000 	C:\WINDOWS\System32\combase.dll
0x00007ffd569d0000 - 0x00007ffd56aa7000 	C:\WINDOWS\System32\OLEAUT32.dll
0x00007ffd49e80000 - 0x00007ffd49eb2000 	C:\WINDOWS\SYSTEM32\dbgcore.DLL
0x00007ffd552f0000 - 0x00007ffd5536b000 	C:\WINDOWS\System32\bcryptPrimitives.dll
0x00007ffd443b0000 - 0x00007ffd443d5000 	C:\Program Files\Java\jdk-17.0.1\bin\java.dll
0x00007ffd3b3e0000 - 0x00007ffd3b4b6000 	C:\Program Files\Java\jdk-17.0.1\bin\svml.dll
0x00007ffd57380000 - 0x00007ffd57b6f000 	C:\WINDOWS\System32\SHELL32.dll
0x00007ffd53070000 - 0x00007ffd53938000 	C:\WINDOWS\SYSTEM32\windows.storage.dll
0x00007ffd52f30000 - 0x00007ffd5306e000 	C:\WINDOWS\SYSTEM32\wintypes.dll
0x00007ffd55ac0000 - 0x00007ffd55bb1000 	C:\WINDOWS\System32\SHCORE.dll
0x00007ffd57260000 - 0x00007ffd572be000 	C:\WINDOWS\System32\shlwapi.dll
0x00007ffd54fc0000 - 0x00007ffd54fe1000 	C:\WINDOWS\SYSTEM32\profapi.dll
0x00007ffd453a0000 - 0x00007ffd453b9000 	C:\Program Files\Java\jdk-17.0.1\bin\net.dll
0x00007ffd50530000 - 0x00007ffd5065f000 	C:\WINDOWS\SYSTEM32\WINHTTP.dll
0x00007ffd54500000 - 0x00007ffd54569000 	C:\WINDOWS\system32\mswsock.dll
0x00007ffd444e0000 - 0x00007ffd444f5000 	C:\Program Files\Java\jdk-17.0.1\bin\nio.dll
0x00007ffd42a40000 - 0x00007ffd42a58000 	C:\Program Files\Java\jdk-17.0.1\bin\zip.dll
0x00007ffd189d0000 - 0x00007ffd18a45000 	C:\Users\Orlando\AppData\Local\Temp\lwjglOrlando\3.3.1-build-7\lwjgl.dll
0x00007ffd0a520000 - 0x00007ffd0a581000 	C:\Users\Orlando\AppData\Local\Temp\lwjglOrlando\3.3.1-build-7\glfw.dll
0x00007ffd3e4e0000 - 0x00007ffd3e526000 	C:\WINDOWS\SYSTEM32\dinput8.dll
0x00007ffd4e370000 - 0x00007ffd4e381000 	C:\WINDOWS\SYSTEM32\xinput1_4.dll
0x00007ffd54d80000 - 0x00007ffd54dce000 	C:\WINDOWS\SYSTEM32\cfgmgr32.dll
0x00007ffd54d40000 - 0x00007ffd54d73000 	C:\WINDOWS\SYSTEM32\DEVOBJ.dll
0x00007ffd521d0000 - 0x00007ffd521fb000 	C:\WINDOWS\SYSTEM32\dwmapi.dll
0x00007ffd42ab0000 - 0x00007ffd42cb1000 	C:\WINDOWS\SYSTEM32\inputhost.dll
0x00007ffd4d590000 - 0x00007ffd4d6c3000 	C:\WINDOWS\SYSTEM32\CoreMessaging.dll
0x00007ffd51820000 - 0x00007ffd518cb000 	C:\WINDOWS\system32\uxtheme.dll
0x00007ffd57140000 - 0x00007ffd5725e000 	C:\WINDOWS\System32\MSCTF.dll
0x00007ffd54870000 - 0x00007ffd5487c000 	C:\WINDOWS\SYSTEM32\CRYPTBASE.DLL
0x00007ffd3d140000 - 0x00007ffd3d240000 	C:\WINDOWS\SYSTEM32\opengl32.dll
0x00007ffd3d050000 - 0x00007ffd3d07d000 	C:\WINDOWS\SYSTEM32\GLU32.dll
0x00007ffd51940000 - 0x00007ffd51976000 	C:\WINDOWS\SYSTEM32\dxcore.dll
0x00007ffd56300000 - 0x00007ffd563b7000 	C:\WINDOWS\System32\clbcatq.dll
0x00007ffcd5be0000 - 0x00007ffcd9512000 	C:\WINDOWS\System32\DriverStore\FileRepository\nvltsi.inf_amd64_b3b4671a036eef7b\nvoglv64.dll
0x00007ffd55c30000 - 0x00007ffd560aa000 	C:\WINDOWS\System32\SETUPAPI.dll
0x00007ffd56b40000 - 0x00007ffd56cdc000 	C:\WINDOWS\System32\ole32.dll
0x00007ffd4eab0000 - 0x00007ffd4eac4000 	C:\WINDOWS\SYSTEM32\WTSAPI32.dll
0x00007ffd54a30000 - 0x00007ffd54a58000 	C:\WINDOWS\SYSTEM32\bcrypt.dll
0x00007ffd54d20000 - 0x00007ffd54d32000 	C:\WINDOWS\SYSTEM32\msasn1.dll
0x00007ffd4c740000 - 0x00007ffd4c772000 	C:\WINDOWS\SYSTEM32\cryptnet.dll
0x00007ffd550c0000 - 0x00007ffd55226000 	C:\WINDOWS\System32\CRYPT32.dll
0x00007ffd4c560000 - 0x00007ffd4c6b8000 	C:\WINDOWS\SYSTEM32\drvstore.dll
0x00007ffd547f0000 - 0x00007ffd54839000 	C:\WINDOWS\SYSTEM32\wldp.dll
0x00007ffd557b0000 - 0x00007ffd5581b000 	C:\WINDOWS\System32\WINTRUST.dll
0x00007ffd540d0000 - 0x00007ffd54104000 	C:\WINDOWS\SYSTEM32\ntmarta.dll
0x00007ffcf9120000 - 0x00007ffcf93ef000 	C:\WINDOWS\system32\nvspcap64.dll
0x00007ffd548c0000 - 0x00007ffd5490d000 	C:\WINDOWS\SYSTEM32\powrprof.dll
0x00007ffd548a0000 - 0x00007ffd548b3000 	C:\WINDOWS\SYSTEM32\UMPDC.dll
0x00007ffd545a0000 - 0x00007ffd54606000 	C:\WINDOWS\SYSTEM32\WINSTA.dll
0x00007ffd53940000 - 0x00007ffd5394e000 	C:\WINDOWS\SYSTEM32\HID.DLL
0x00007ffd40360000 - 0x00007ffd4048d000 	C:\WINDOWS\SYSTEM32\textinputframework.dll
0x00007ffd4a8d0000 - 0x00007ffd4ac3c000 	C:\WINDOWS\SYSTEM32\CoreUIComponents.dll
0x00007ffd27ee0000 - 0x00007ffd27f3d000 	C:\Users\Orlando\AppData\Local\Temp\lwjglOrlando\3.3.1-build-7\lwjgl_opengl.dll

dbghelp: loaded successfully - version: 4.0.5 - missing functions: none
symbol engine: initialized successfully - sym options: 0x614 - pdb path: .;C:\Program Files\Java\jdk-17.0.1\bin;C:\WINDOWS\SYSTEM32;C:\WINDOWS\WinSxS\amd64_microsoft.windows.common-controls_6595b64144ccf1df_6.0.22621.608_none_a9444ca7c10bb01d;C:\Program Files\Java\jdk-17.0.1\bin\server;C:\Users\Orlando\AppData\Local\Temp\lwjglOrlando\3.3.1-build-7;C:\WINDOWS\System32\DriverStore\FileRepository\nvltsi.inf_amd64_b3b4671a036eef7b

VM Arguments:
jvm_args: -Dfile.encoding=windows-1252 -Duser.country=MX -Duser.language=es -Duser.variant 
java_command: com.orlang.TetrisGame
java_class_path (initial): C:\Users\Orlando\TetrisAOVM\build\classes\java\main;C:\Users\Orlando\TetrisAOVM\build\resources\main;C:\Users\Orlando\.gradle\caches\modules-2\files-2.1\org.lwjgl\lwjgl-assimp\3.3.1\312072f451794f25670aebb0160ce6ec88aff842\lwjgl-assimp-3.3.1.jar;C:\Users\Orlando\.gradle\caches\modules-2\files-2.1\org.lwjgl\lwjgl-assimp\3.3.1\bfa2a0d57acbf952b716d0ad8a3acbd7ad9f5639\lwjgl-assimp-3.3.1-natives-windows.jar;C:\Users\Orlando\.gradle\caches\modules-2\files-2.1\org.lwjgl\lwjgl-glfw\3.3.1\cbac1b8d30cb4795149c1ef540f912671a8616d0\lwjgl-glfw-3.3.1.jar;C:\Users\Orlando\.gradle\caches\modules-2\files-2.1\org.lwjgl\lwjgl-glfw\3.3.1\ed892f945cf7e79c8756796f32d00fa4ceaf573b\lwjgl-glfw-3.3.1-natives-windows.jar;C:\Users\Orlando\.gradle\caches\modules-2\files-2.1\org.lwjgl\lwjgl-openal\3.3.1\2623a6b8ae1dfcd880738656a9f0243d2e6840bd\lwjgl-openal-3.3.1.jar;C:\Users\Orlando\.gradle\caches\modules-2\files-2.1\org.lwjgl\lwjgl-openal\3.3.1\30a474d0e57193d7bc128849a3ab66bc9316fdb1\lwjgl-openal-3.3.1-natives-windows.jar;C:\Users\Orlando\.gradle\caches\modules-2\files-2.1\org.lwjgl\lwjgl-opengl\3.3.1\831a5533a21a5f4f81bbc51bb13e9899319b5411\lwjgl-opengl-3.3.1.jar;C:\Users\Orlando\.gradle\caches\modules-2\files-2.1\org.lwjgl\lwjgl-opengl\3.3.1\c1807e9bd571402787d7e37e3029776ae2513bb8\lwjgl-opengl-3.3.1-natives-windows.jar;C:\Users\Orlando\.gradle\caches\modules-2\files-2.1\org.lwjgl\lwjgl-stb\3.3.1\b119297cf8ed01f247abe8685857f8e7fcf5980f\lwjgl-stb-3.3.1.jar;C:\Users\Orlando\.gradle\caches\modules-2\files-2.1\org.lwjgl\lwjgl-stb\3.3.1\86315914ac119efdb02dc9e8e978ade84f1702af\lwjgl-stb-3.3.1-natives-windows.jar;C:\Users\Orlando\.gradle\caches\modules-2\files-2.1\org.lwjgl\lwjgl\3.3.1\ae58664f88e18a9bb2c77b063833ca7aaec484cb\lwjgl-3.3.1.jar;C:\Users\Orlando\.gradle\caches\modules-2\files-2.1\org.lwjgl\lwjgl\3.3.1\36c37f16ab611b3aa11f3bcf80b1d509b4ce6b\lwjgl-3.3.1-natives-windows.jar;C:\Users\Orlando\.gradle\caches\modules-2\files-2.1\org.joml\joml\1.10.5\22566d58af7
Launcher Type: SUN_STANDARD

[Global flags]
     intx CICompilerCount                          = 12                                        {product} {ergonomic}
     uint ConcGCThreads                            = 3                                         {product} {ergonomic}
     uint G1ConcRefinementThreads                  = 13                                        {product} {ergonomic}
   size_t G1HeapRegionSize                         = 2097152                                   {product} {ergonomic}
    uintx GCDrainStackTargetSize                   = 64                                        {product} {ergonomic}
   size_t InitialHeapSize                          = 257949696                                 {product} {ergonomic}
   size_t MarkStackSize                            = 4194304                                   {product} {ergonomic}
   size_t MaxHeapSize                              = 4125097984                                {product} {ergonomic}
   size_t MaxNewSize                               = 2474639360                                {product} {ergonomic}
   size_t MinHeapDeltaBytes                        = 2097152                                   {product} {ergonomic}
   size_t MinHeapSize                              = 8388608                                   {product} {ergonomic}
    uintx NonNMethodCodeHeapSize                   = 7602480                                {pd product} {ergonomic}
    uintx NonProfiledCodeHeapSize                  = 122027880                              {pd product} {ergonomic}
    uintx ProfiledCodeHeapSize                     = 122027880                              {pd product} {ergonomic}
    uintx ReservedCodeCacheSize                    = 251658240                              {pd product} {ergonomic}
     bool SegmentedCodeCache                       = true                                      {product} {ergonomic}
   size_t SoftMaxHeapSize                          = 4125097984                             {manageable} {ergonomic}
     bool UseCompressedClassPointers               = true                           {product lp64_product} {ergonomic}
     bool UseCompressedOops                        = true                           {product lp64_product} {ergonomic}
     bool UseG1GC                                  = true                                      {product} {ergonomic}
     bool UseLargePagesIndividualAllocation        = false                                  {pd product} {ergonomic}

Logging:
Log output configuration:
 #0: stdout all=warning uptime,level,tags
 #1: stderr all=off uptime,level,tags

Environment Variables:
PATH=C:\Program Files\Common Files\Oracle\Java\javapath;C:\Users\Orlando\AppData\Local\Programs\Python\Python310\python.exe;C:\Windows\system32;C:\Windows;C:\Windows\System32\Wbem;C:\Windows\System32\WindowsPowerShell\v1.0\;C:\Windows\System32\OpenSSH\;C:\Program Files (x86)\NVIDIA Corporation\PhysX\Common;C:\Program Files\Calibre2\;C:\WINDOWS\system32;C:\WINDOWS;C:\WINDOWS\System32\Wbem;C:\WINDOWS\System32\WindowsPowerShell\v1.0\;C:\WINDOWS\System32\OpenSSH\;C:\Program Files\NVIDIA Corporation\NVIDIA NvDLISR;C:\Program Files (x86)\Paragon Software\APFS for Windows\;C:\Program Files\MATLAB\R2022a\bin;D:\msys64\mingw64\bin;C:\WINDOWS\system32;C:\WINDOWS;C:\WINDOWS\System32\Wbem;C:\WINDOWS\System32\WindowsPowerShell\v1.0\;C:\WINDOWS\System32\OpenSSH\;C:\Users\Orlando\Documents\APIs\ffmpeg\bin;C:\Users\Orlando\Documents\APIs\Dll;D:\python27;C:\Program Files\CMake\bin;C:\Program Files\Git\cmd;C:\Program Files\Docker\Docker\resources\bin;C:\Users\Orlando\AppData\Local\Programs\Python\Python311\Scripts\;C:\Users\Orlando\AppData\Local\Programs\Python\Python311\;C:\Users\Orlando\Documents\APIs\cocos2d-x-4.0\templates;C:\Users\Orlando\Documents\APIs\cocos2d-x-4.0\tools\cocos2d-console\bin;C:\Users\Orlando\AppData\Local\Microsoft\WindowsApps;C:\Users\Orlando\AppData\Local\Programs\Microsoft VS Code\bin;D:\Flutter\bin;C:\Users\Orlando\AppData\Local\Programs\MiKTeX\miktex\bin\x64\;
USERNAME=Orlando
OS=Windows_NT
PROCESSOR_IDENTIFIER=AMD64 Family 25 Model 80 Stepping 0, AuthenticAMD



---------------  S Y S T E M  ---------------

OS:
 Windows 10 , 64 bit Build 22621 (10.0.22621.963)
OS uptime: 0 days 4:02 hours
Hyper-V role detected

CPU: total 16 (initial active 16) (16 cores per cpu, 2 threads per core) family 25 model 80 stepping 0 microcode 0x0, cx8, cmov, fxsr, ht, mmx, 3dnowpref, sse, sse2, sse3, ssse3, sse4a, sse4.1, sse4.2, popcnt, lzcnt, tsc, tscinvbit, avx, avx2, aes, erms, clmul, bmi1, bmi2, adx, sha, fma, vzeroupper, clflush, clflushopt, hv

Memory: 4k page, system-wide physical 15734M (2048M free)
TotalPageFile size 26822M (AvailPageFile size 3658M)
current process WorkingSet (physical memory assigned to process): 134M, peak: 134M
current process commit charge ("private bytes"): 460M, peak: 460M

vm_info: Java HotSpot(TM) 64-Bit Server VM (17.0.1+12-LTS-39) for windows-amd64 JRE (17.0.1+12-LTS-39), built on Sep 27 2021 18:41:35 by "mach5one" with MS VC++ 16.8 (VS2019)

END.
