#
# A fatal error has been detected by the Java Runtime Environment:
#
#  EXCEPTION_ACCESS_VIOLATION (0xc0000005) at pc=0x00007ffd3961c42a, pid=16944, tid=24180
#
# JRE version: Java(TM) SE Runtime Environment (17.0.1+12) (build 17.0.1+12-LTS-39)
# Java VM: Java HotSpot(TM) 64-Bit Server VM (17.0.1+12-LTS-39, mixed mode, sharing, tiered, compressed oops, compressed class ptrs, g1 gc, windows-amd64)
# Problematic frame:
# C  [lwjgl_opengl.dll+0xc42a]
#
# No core dump will be written. Minidumps are not enabled by default on client versions of Windows
#
# If you would like to submit a bug report, please visit:
#   https://bugreport.java.com/bugreport/crash.jsp
# The crash happened outside the Java Virtual Machine in native code.
# See problematic frame for where to report the bug.
#

---------------  S U M M A R Y ------------

Command Line: -Dfile.encoding=windows-1252 -Duser.country=MX -Duser.language=es -Duser.variant com.orlang.TetrisGame

Host: AMD Ryzen 7 5800H with Radeon Graphics         , 16 cores, 15G,  Windows 10 , 64 bit Build 22621 (10.0.22621.963)
Time: Thu Dec 22 00:44:33 2022 Hora estándar central (México) elapsed time: 0.687923 seconds (0d 0h 0m 0s)

---------------  T H R E A D  ---------------

Current thread (0x0000022e5d02ecf0):  JavaThread "main" [_thread_in_native, id=24180, stack(0x000000dfb3000000,0x000000dfb3100000)]

Stack: [0x000000dfb3000000,0x000000dfb3100000],  sp=0x000000dfb30ff288,  free space=1020k
Native frames: (J=compiled Java code, j=interpreted, Vv=VM code, C=native code)
C  [lwjgl_opengl.dll+0xc42a]

Java frames: (J=compiled Java code, j=interpreted, Vv=VM code)
j  org.lwjgl.opengl.GL11C.glEnable(I)V+0
j  org.lwjgl.opengl.GL11.glEnable(I)V+1
j  com.orlang.engine.GameWindow.setupWindow()V+185
j  com.orlang.engine.GameWindow.startGame()V+1
j  com.orlang.TetrisGame.main([Ljava/lang/String;)V+5
v  ~StubRoutines::call_stub

siginfo: EXCEPTION_ACCESS_VIOLATION (0xc0000005), reading address 0x0000000000000000


Register to memory mapping:

RIP=0x00007ffd3961c42a lwjgl_opengl.dll
RAX=0x0000022e01430d90 points into unknown readable memory: 0x0000000000000000 | 00 00 00 00 00 00 00 00
RBX={method} {0x0000022e00d32520} 'glEnable' '(I)V' in 'org/lwjgl/opengl/GL11C'
RCX=0x0000000000000be2 is an unknown value
RDX=0x0 is NULL
RSP=0x000000dfb30ff288 is pointing into the stack for thread: 0x0000022e5d02ecf0
RBP=0x000000dfb30ff308 is pointing into the stack for thread: 0x0000022e5d02ecf0
RSI=0x0 is NULL
RDI=0x0000022e648394fe is at code_begin+1118 in an Interpreter codelet
return entry points  [0x0000022e648390a0, 0x0000022e64839ba0]  2816 bytes
R8 =0x0000000000000be2 is an unknown value
R9 =0x0000000000000002 is an unknown value
R10=0x0000022e6483d5f2 is at code_begin+946 in an Interpreter codelet
method entry point (kind = native)  [0x0000022e6483d240, 0x0000022e6483dbc0]  2432 bytes
R11=0x000000071905c920 is an oop: java.lang.Class 
{0x000000071905c920} - klass: 'java/lang/Class'
 - ---- fields (total size 116 words):
 - private volatile transient 'classRedefinedCount' 'I' @12  0
 - private volatile transient 'cachedConstructor' 'Ljava/lang/reflect/Constructor;' @40  NULL (0)
 - private transient 'name' 'Ljava/lang/String;' @44  "org.lwjgl.opengl.GL11C"{0x000000071905ccd0} (e320b99a)
 - private transient 'module' 'Ljava/lang/Module;' @48  a 'java/lang/Module'{0x0000000719666f18} (e32ccde3)
 - private final 'classLoader' 'Ljava/lang/ClassLoader;' @52  a 'jdk/internal/loader/ClassLoaders$AppClassLoader'{0x0000000719666d58} (e32ccdab)
 - private transient 'classData' 'Ljava/lang/Object;' @56  NULL (0)
 - private transient 'packageName' 'Ljava/lang/String;' @60  "org.lwjgl.opengl"{0x00000007193bc250} (e327784a)
 - private final 'componentType' 'Ljava/lang/Class;' @64  NULL (0)
 - private volatile transient 'reflectionData' 'Ljava/lang/ref/SoftReference;' @68  NULL (0)
 - private volatile transient 'genericInfo' 'Lsun/reflect/generics/repository/ClassRepository;' @72  NULL (0)
 - private volatile transient 'enumConstants' '[Ljava/lang/Object;' @76  NULL (0)
 - private volatile transient 'enumConstantDirectory' 'Ljava/util/Map;' @80  NULL (0)
 - private volatile transient 'annotationData' 'Ljava/lang/Class$AnnotationData;' @84  NULL (0)
 - private volatile transient 'annotationType' 'Lsun/reflect/annotation/AnnotationType;' @88  NULL (0)
 - transient 'classValueMap' 'Ljava/lang/ClassValue$ClassValueMap;' @92  NULL (0)
 - signature: Lorg/lwjgl/opengl/GL11C;
 - fake entry for mirror: 'org/lwjgl/opengl/GL11C'
 - fake entry for array: NULL
 - fake entry for oop_size: 116
 - fake entry for static_oop_field_count: 0
 - public static final 'GL_NEVER' 'I' @112  512 (200)
 - public static final 'GL_LESS' 'I' @116  513 (201)
 - public static final 'GL_EQUAL' 'I' @120  514 (202)
 - public static final 'GL_LEQUAL' 'I' @124  515 (203)
 - public static final 'GL_GREATER' 'I' @128  516 (204)
 - public static final 'GL_NOTEQUAL' 'I' @132  517 (205)
 - public static final 'GL_GEQUAL' 'I' @136  518 (206)
 - public static final 'GL_ALWAYS' 'I' @140  519 (207)
 - public static final 'GL_DEPTH_BUFFER_BIT' 'I' @144  256 (100)
 - public static final 'GL_STENCIL_BUFFER_BIT' 'I' @148  1024 (400)
 - public static final 'GL_COLOR_BUFFER_BIT' 'I' @152  16384 (4000)
 - public static final 'GL_POINTS' 'I' @156  0
 - public static final 'GL_LINES' 'I' @160  1
 - public static final 'GL_LINE_LOOP' 'I' @164  2
 - public static final 'GL_LINE_STRIP' 'I' @168  3
 - public static final 'GL_TRIANGLES' 'I' @172  4
 - public static final 'GL_TRIANGLE_STRIP' 'I' @176  5
 - public static final 'GL_TRIANGLE_FAN' 'I' @180  6
 - public static final 'GL_QUADS' 'I' @184  7
 - public static final 'GL_ZERO' 'I' @188  0
 - public static final 'GL_ONE' 'I' @192  1
 - public static final 'GL_SRC_COLOR' 'I' @196  768 (300)
 - public static final 'GL_ONE_MINUS_SRC_COLOR' 'I' @200  769 (301)
 - public static final 'GL_SRC_ALPHA' 'I' @204  770 (302)
 - public static final 'GL_ONE_MINUS_SRC_ALPHA' 'I' @208  771 (303)
 - public static final 'GL_DST_ALPHA' 'I' @212  772 (304)
 - public static final 'GL_ONE_MINUS_DST_ALPHA' 'I' @216  773 (305)
 - public static final 'GL_DST_COLOR' 'I' @220  774 (306)
 - public static final 'GL_ONE_MINUS_DST_COLOR' 'I' @224  775 (307)
 - public static final 'GL_SRC_ALPHA_SATURATE' 'I' @228  776 (308)
 - public static final 'GL_TRUE' 'I' @232  1
 - public static final 'GL_FALSE' 'I' @236  0
 - public static final 'GL_BYTE' 'I' @240  5120 (1400)
 - public static final 'GL_UNSIGNED_BYTE' 'I' @244  5121 (1401)
 - public static final 'GL_SHORT' 'I' @248  5122 (1402)
 - public static final 'GL_UNSIGNED_SHORT' 'I' @252  5123 (1403)
 - public static final 'GL_INT' 'I' @256  5124 (1404)
 - public static final 'GL_UNSIGNED_INT' 'I' @260  5125 (1405)
 - public static final 'GL_FLOAT' 'I' @264  5126 (1406)
 - public static final 'GL_DOUBLE' 'I' @268  5130 (140a)
 - public static final 'GL_NONE' 'I' @272  0
 - public static final 'GL_FRONT_LEFT' 'I' @276  1024 (400)
 - public static final 'GL_FRONT_RIGHT' 'I' @280  1025 (401)
 - public static final 'GL_BACK_LEFT' 'I' @284  1026 (402)
 - public static final 'GL_BACK_RIGHT' 'I' @288  1027 (403)
 - public static final 'GL_FRONT' 'I' @292  1028 (404)
 - public static final 'GL_BACK' 'I' @296  1029 (405)
 - public static final 'GL_LEFT' 'I' @300  1030 (406)
 - public static final 'GL_RIGHT' 'I' @304  1031 (407)
 - public static final 'GL_FRONT_AND_BACK' 'I' @308  1032 (408)
 - public static final 'GL_NO_ERROR' 'I' @312  0
 - public static final 'GL_INVALID_ENUM' 'I' @316  1280 (500)
 - public static final 'GL_INVALID_VALUE' 'I' @320  1281 (501)
 - public static final 'GL_INVALID_OPERATION' 'I' @324  1282 (502)
 - public static final 'GL_STACK_OVERFLOW' 'I' @328  1283 (503)
 - public static final 'GL_STACK_UNDERFLOW' 'I' @332  1284 (504)
 - public static final 'GL_OUT_OF_MEMORY' 'I' @336  1285 (505)
 - public static final 'GL_CW' 'I' @340  2304 (900)
 - public static final 'GL_CCW' 'I' @344  2305 (901)
 - public static final 'GL_POINT_SIZE' 'I' @348  2833 (b11)
 - public static final 'GL_POINT_SIZE_RANGE' 'I' @352  2834 (b12)
 - public static final 'GL_POINT_SIZE_GRANULARITY' 'I' @356  2835 (b13)
 - public static final 'GL_LINE_SMOOTH' 'I' @360  2848 (b20)
 - public static final 'GL_LINE_WIDTH' 'I' @364  2849 (b21)
 - public static final 'GL_LINE_WIDTH_RANGE' 'I' @368  2850 (b22)
 - public static final 'GL_LINE_WIDTH_GRANULARITY' 'I' @372  2851 (b23)
 - public static final 'GL_POLYGON_MODE' 'I' @376  2880 (b40)
 - public static final 'GL_POLYGON_SMOOTH' 'I' @380  2881 (b41)
 - public static final 'GL_CULL_FACE' 'I' @384  2884 (b44)
 - public static final 'GL_CULL_FACE_MODE' 'I' @388  2885 (b45)
 - public static final 'GL_FRONT_FACE' 'I' @392  2886 (b46)
 - public static final 'GL_DEPTH_RANGE' 'I' @396  2928 (b70)
 - public static final 'GL_DEPTH_TEST' 'I' @400  2929 (b71)
 - public static final 'GL_DEPTH_WRITEMASK' 'I' @404  2930 (b72)
 - public static final 'GL_DEPTH_CLEAR_VALUE' 'I' @408  2931 (b73)
 - public static final 'GL_DEPTH_FUNC' 'I' @412  2932 (b74)
 - public static final 'GL_STENCIL_TEST' 'I' @416  2960 (b90)
 - public static final 'GL_STENCIL_CLEAR_VALUE' 'I' @420  2961 (b91)
 - public static final 'GL_STENCIL_FUNC' 'I' @424  2962 (b92)
 - public static final 'GL_STENCIL_VALUE_MASK' 'I' @428  2963 (b93)
 - public static final 'GL_STENCIL_FAIL' 'I' @432  2964 (b94)
 - public static final 'GL_STENCIL_PASS_DEPTH_FAIL' 'I' @436  2965 (b95)
 - public static final 'GL_STENCIL_PASS_DEPTH_PASS' 'I' @440  2966 (b96)
 - public static final 'GL_STENCIL_REF' 'I' @444  2967 (b97)
 - public static final 'GL_STENCIL_WRITEMASK' 'I' @448  2968 (b98)
 - public static final 'GL_VIEWPORT' 'I' @452  2978 (ba2)
 - public static final 'GL_DITHER' 'I' @456  3024 (bd0)
 - public static final 'GL_BLEND_DST' 'I' @460  3040 (be0)
 - public static final 'GL_BLEND_SRC' 'I' @464  3041 (be1)
 - public static final 'GL_BLEND' 'I' @468  3042 (be2)
 - public static final 'GL_LOGIC_OP_MODE' 'I' @472  3056 (bf0)
 - public static final 'GL_COLOR_LOGIC_OP' 'I' @476  3058 (bf2)
 - public static final 'GL_DRAW_BUFFER' 'I' @480  3073 (c01)
 - public static final 'GL_READ_BUFFER' 'I' @484  3074 (c02)
 - public static final 'GL_SCISSOR_BOX' 'I' @488  3088 (c10)
 - public static final 'GL_SCISSOR_TEST' 'I' @492  3089 (c11)
 - public static final 'GL_COLOR_CLEAR_VALUE' 'I' @496  3106 (c22)
 - public static final 'GL_COLOR_WRITEMASK' 'I' @500  3107 (c23)
 - public static final 'GL_DOUBLEBUFFER' 'I' @504  3122 (c32)
 - public static final 'GL_STEREO' 'I' @508  3123 (c33)
 - public static final 'GL_LINE_SMOOTH_HINT' 'I' @512  3154 (c52)
 - public static final 'GL_POLYGON_SMOOTH_HINT' 'I' @516  3155 (c53)
 - public static final 'GL_UNPACK_SWAP_BYTES' 'I' @520  3312 (cf0)
 - public static final 'GL_UNPACK_LSB_FIRST' 'I' @524  3313 (cf1)
 - public static final 'GL_UNPACK_ROW_LENGTH' 'I' @528  3314 (cf2)
 - public static final 'GL_UNPACK_SKIP_ROWS' 'I' @532  3315 (cf3)
 - public static final 'GL_UNPACK_SKIP_PIXELS' 'I' @536  3316 (cf4)
 - public static final 'GL_UNPACK_ALIGNMENT' 'I' @540  3317 (cf5)
 - public static final 'GL_PACK_SWAP_BYTES' 'I' @544  3328 (d00)
 - public static final 'GL_PACK_LSB_FIRST' 'I' @548  3329 (d01)
 - public static final 'GL_PACK_ROW_LENGTH' 'I' @552  3330 (d02)
 - public static final 'GL_PACK_SKIP_ROWS' 'I' @556  3331 (d03)
 - public static final 'GL_PACK_SKIP_PIXELS' 'I' @560  3332 (d04)
 - public static final 'GL_PACK_ALIGNMENT' 'I' @564  3333 (d05)
 - public static final 'GL_MAX_TEXTURE_SIZE' 'I' @568  3379 (d33)
 - public static final 'GL_MAX_VIEWPORT_DIMS' 'I' @572  3386 (d3a)
 - public static final 'GL_SUBPIXEL_BITS' 'I' @576  3408 (d50)
 - public static final 'GL_TEXTURE_1D' 'I' @580  3552 (de0)
 - public static final 'GL_TEXTURE_2D' 'I' @584  3553 (de1)
 - public static final 'GL_TEXTURE_WIDTH' 'I' @588  4096 (1000)
 - public static final 'GL_TEXTURE_HEIGHT' 'I' @592  4097 (1001)
 - public static final 'GL_TEXTURE_INTERNAL_FORMAT' 'I' @596  4099 (1003)
 - public static final 'GL_TEXTURE_BORDER_COLOR' 'I' @600  4100 (1004)
 - public static final 'GL_DONT_CARE' 'I' @604  4352 (1100)
 - public static final 'GL_FASTEST' 'I' @608  4353 (1101)
 - public static final 'GL_NICEST' 'I' @612  4354 (1102)
 - public static final 'GL_CLEAR' 'I' @616  5376 (1500)
 - public static final 'GL_AND' 'I' @620  5377 (1501)
 - public static final 'GL_AND_REVERSE' 'I' @624  5378 (1502)
 - public static final 'GL_COPY' 'I' @628  5379 (1503)
 - public static final 'GL_AND_INVERTED' 'I' @632  5380 (1504)
 - public static final 'GL_NOOP' 'I' @636  5381 (1505)
 - public static final 'GL_XOR' 'I' @640  5382 (1506)
 - public static final 'GL_OR' 'I' @644  5383 (1507)
 - public static final 'GL_NOR' 'I' @648  5384 (1508)
 - public static final 'GL_EQUIV' 'I' @652  5385 (1509)
 - public static final 'GL_INVERT' 'I' @656  5386 (150a)
 - public static final 'GL_OR_REVERSE' 'I' @660  5387 (150b)
 - public static final 'GL_COPY_INVERTED' 'I' @664  5388 (150c)
 - public static final 'GL_OR_INVERTED' 'I' @668  5389 (150d)
 - public static final 'GL_NAND' 'I' @672  5390 (150e)
 - public static final 'GL_SET' 'I' @676  5391 (150f)
 - public static final 'GL_TEXTURE' 'I' @680  5890 (1702)
 - public static final 'GL_COLOR' 'I' @684  6144 (1800)
 - public static final 'GL_DEPTH' 'I' @688  6145 (1801)
 - public static final 'GL_STENCIL' 'I' @692  6146 (1802)
 - public static final 'GL_STENCIL_INDEX' 'I' @696  6401 (1901)
 - public static final 'GL_DEPTH_COMPONENT' 'I' @700  6402 (1902)
 - public static final 'GL_RED' 'I' @704  6403 (1903)
 - public static final 'GL_GREEN' 'I' @708  6404 (1904)
 - public static final 'GL_BLUE' 'I' @712  6405 (1905)
 - public static final 'GL_ALPHA' 'I' @716  6406 (1906)
 - public static final 'GL_RGB' 'I' @720  6407 (1907)
 - public static final 'GL_RGBA' 'I' @724  6408 (1908)
 - public static final 'GL_POINT' 'I' @728  6912 (1b00)
 - public static final 'GL_LINE' 'I' @732  6913 (1b01)
 - public static final 'GL_FILL' 'I' @736  6914 (1b02)
 - public static final 'GL_KEEP' 'I' @740  7680 (1e00)
 - public static final 'GL_REPLACE' 'I' @744  7681 (1e01)
 - public static final 'GL_INCR' 'I' @748  7682 (1e02)
 - public static final 'GL_DECR' 'I' @752  7683 (1e03)
 - public static final 'GL_VENDOR' 'I' @756  7936 (1f00)
 - public static final 'GL_RENDERER' 'I' @760  7937 (1f01)
 - public static final 'GL_VERSION' 'I' @764  7938 (1f02)
 - public static final 'GL_EXTENSIONS' 'I' @768  7939 (1f03)
 - public static final 'GL_NEAREST' 'I' @772  9728 (2600)
 - public static final 'GL_LINEAR' 'I' @776  9729 (2601)
 - public static final 'GL_NEAREST_MIPMAP_NEAREST' 'I' @780  9984 (2700)
 - public static final 'GL_LINEAR_MIPMAP_NEAREST' 'I' @784  9985 (2701)
 - public static final 'GL_NEAREST_MIPMAP_LINEAR' 'I' @788  9986 (2702)
 - public static final 'GL_LINEAR_MIPMAP_LINEAR' 'I' @792  9987 (2703)
 - public static final 'GL_TEXTURE_MAG_FILTER' 'I' @796  10240 (2800)
 - public static final 'GL_TEXTURE_MIN_FILTER' 'I' @800  10241 (2801)
 - public static final 'GL_TEXTURE_WRAP_S' 'I' @804  10242 (2802)
 - public static final 'GL_TEXTURE_WRAP_T' 'I' @808  10243 (2803)
 - public static final 'GL_REPEAT' 'I' @812  10497 (2901)
 - public static final 'GL_POLYGON_OFFSET_FACTOR' 'I' @816  32824 (8038)
 - public static final 'GL_POLYGON_OFFSET_UNITS' 'I' @820  10752 (2a00)
 - public static final 'GL_POLYGON_OFFSET_POINT' 'I' @824  10753 (2a01)
 - public static final 'GL_POLYGON_OFFSET_LINE' 'I' @828  10754 (2a02)
 - public static final 'GL_POLYGON_OFFSET_FILL' 'I' @832  32823 (8037)
 - public static final 'GL_R3_G3_B2' 'I' @836  10768 (2a10)
 - public static final 'GL_RGB4' 'I' @840  32847 (804f)
 - public static final 'GL_RGB5' 'I' @844  32848 (8050)
 - public static final 'GL_RGB8' 'I' @848  32849 (8051)
 - public static final 'GL_RGB10' 'I' @852  32850 (8052)
 - public static final 'GL_RGB12' 'I' @856  32851 (8053)
 - public static final 'GL_RGB16' 'I' @860  32852 (8054)
 - public static final 'GL_RGBA2' 'I' @864  32853 (8055)
 - public static final 'GL_RGBA4' 'I' @868  32854 (8056)
 - public static final 'GL_RGB5_A1' 'I' @872  32855 (8057)
 - public static final 'GL_RGBA8' 'I' @876  32856 (8058)
 - public static final 'GL_RGB10_A2' 'I' @880  32857 (8059)
 - public static final 'GL_RGBA12' 'I' @884  32858 (805a)
 - public static final 'GL_RGBA16' 'I' @888  32859 (805b)
 - public static final 'GL_TEXTURE_RED_SIZE' 'I' @892  32860 (805c)
 - public static final 'GL_TEXTURE_GREEN_SIZE' 'I' @896  32861 (805d)
 - public static final 'GL_TEXTURE_BLUE_SIZE' 'I' @900  32862 (805e)
 - public static final 'GL_TEXTURE_ALPHA_SIZE' 'I' @904  32863 (805f)
 - public static final 'GL_PROXY_TEXTURE_1D' 'I' @908  32867 (8063)
 - public static final 'GL_PROXY_TEXTURE_2D' 'I' @912  32868 (8064)
 - public static final 'GL_TEXTURE_BINDING_1D' 'I' @916  32872 (8068)
 - public static final 'GL_TEXTURE_BINDING_2D' 'I' @920  32873 (8069)
 - public static final 'GL_VERTEX_ARRAY' 'I' @924  32884 (8074)
R12=0x0 is NULL
R13=0x0000022e00d32510 is pointing into metadata
R14=0x000000dfb30ff328 is pointing into the stack for thread: 0x0000022e5d02ecf0
R15=0x0000022e5d02ecf0 is a thread


Registers:
RAX=0x0000022e01430d90, RBX=0x0000022e00d32518, RCX=0x0000000000000be2, RDX=0x0000000000000000
RSP=0x000000dfb30ff288, RBP=0x000000dfb30ff308, RSI=0x0000000000000000, RDI=0x0000022e648394fe
R8 =0x0000000000000be2, R9 =0x0000000000000002, R10=0x0000022e6483d5f2, R11=0x000000071905c920
R12=0x0000000000000000, R13=0x0000022e00d32510, R14=0x000000dfb30ff328, R15=0x0000022e5d02ecf0
RIP=0x00007ffd3961c42a, EFLAGS=0x0000000000010206

Top of Stack: (sp=0x000000dfb30ff288)
0x000000dfb30ff288:   0000022e6483d621 0000022e00d32518
0x000000dfb30ff298:   0000000000000000 0000022e00cf9838
0x000000dfb30ff2a8:   0000022e5d02ecf0 0000022e5d02ecf0
0x000000dfb30ff2b8:   0000022e6483d2f6 000000dfb30ff2c0
0x000000dfb30ff2c8:   0000022e00d32510 000000dfb30ff328
0x000000dfb30ff2d8:   0000022e00d3bab8 0000000000000000
0x000000dfb30ff2e8:   000000071905c920 0000022e00d32518
0x000000dfb30ff2f8:   0000000000000000 000000dfb30ff328
0x000000dfb30ff308:   000000dfb30ff378 0000022e648394fe
0x000000dfb30ff318:   000000071905c920 0000022e6483af78
0x000000dfb30ff328:   0000000000000be2 000000dfb30ff330
0x000000dfb30ff338:   0000022e00cf9811 000000dfb30ff388
0x000000dfb30ff348:   0000022e00d22d98 0000000000000000
0x000000dfb30ff358:   00000007193dfc60 0000022e00cf9838
0x000000dfb30ff368:   000000dfb30ff328 000000dfb30ff388
0x000000dfb30ff378:   000000dfb30ff3d8 0000022e648394fe 

Instructions: (pc=0x00007ffd3961c42a)
0x00007ffd3961c32a:   44 24 30 41 8b d1 44 8b 4c 24 38 8b cb 4c 8b 50
0x00007ffd3961c33a:   18 5b 49 ff a2 40 0a 00 00 cc cc cc cc cc cc cc
0x00007ffd3961c34a:   cc cc cc cc cc cc 48 8b 01 0f 28 cb f2 0f 10 5c
0x00007ffd3961c35a:   24 30 0f 28 c2 f2 0f 10 54 24 28 48 8b 48 18 48
0x00007ffd3961c36a:   ff a1 48 0a 00 00 48 8b 01 49 8b c8 48 8b 50 18
0x00007ffd3961c37a:   48 ff a2 50 0a 00 00 cc cc cc cc cc cc cc cc cc
0x00007ffd3961c38a:   cc cc cc cc cc cc 48 8b 01 49 8b c8 48 8b 50 18
0x00007ffd3961c39a:   48 ff a2 58 0a 00 00 cc cc cc cc cc cc cc cc cc
0x00007ffd3961c3aa:   cc cc cc cc cc cc 48 8b 01 49 8b c8 48 8b 50 18
0x00007ffd3961c3ba:   48 ff a2 60 0a 00 00 cc cc cc cc cc cc cc cc cc
0x00007ffd3961c3ca:   cc cc cc cc cc cc 48 8b 01 49 8b c8 48 8b 50 18
0x00007ffd3961c3da:   48 ff a2 68 0a 00 00 cc cc cc cc cc cc cc cc cc
0x00007ffd3961c3ea:   cc cc cc cc cc cc 40 53 48 8b 01 41 8b d8 44 8b
0x00007ffd3961c3fa:   44 24 30 41 8b d1 4c 8b 4c 24 38 8b cb 4c 8b 50
0x00007ffd3961c40a:   18 5b 49 ff a2 70 0a 00 00 cc cc cc cc cc cc cc
0x00007ffd3961c41a:   cc cc cc cc cc cc 48 8b 01 41 8b c8 48 8b 50 18
0x00007ffd3961c42a:   48 ff 22 cc cc cc 48 8b 01 41 8b c8 48 8b 50 18
0x00007ffd3961c43a:   48 ff 62 08 cc cc 48 8b 01 41 8b d1 41 8b c8 4c
0x00007ffd3961c44a:   8b 50 18 49 ff 62 38 cc cc cc cc cc cc cc cc cc
0x00007ffd3961c45a:   cc cc cc cc cc cc 48 8b 01 41 8b d1 41 8b c8 4c
0x00007ffd3961c46a:   8b 50 18 49 ff 62 48 cc cc cc cc cc cc cc cc cc
0x00007ffd3961c47a:   cc cc cc cc cc cc 48 8b 01 41 8b c8 48 8b 50 18
0x00007ffd3961c48a:   48 ff 62 60 cc cc 48 8b 01 0f 28 cb f3 0f 10 5c
0x00007ffd3961c49a:   24 30 0f 28 c2 f3 0f 10 54 24 28 48 8b 48 18 48
0x00007ffd3961c4aa:   ff 61 70 cc cc cc 48 8b 01 0f 28 c2 48 8b 48 18
0x00007ffd3961c4ba:   48 ff 61 78 cc cc 48 8b 01 41 8b c8 48 8b 50 18
0x00007ffd3961c4ca:   48 ff a2 88 00 00 00 cc cc cc cc cc cc cc cc cc
0x00007ffd3961c4da:   cc cc cc cc cc cc 40 53 48 8b 01 41 0f b6 d8 44
0x00007ffd3961c4ea:   0f b6 44 24 30 41 0f b6 d1 44 0f b6 4c 24 38 0f
0x00007ffd3961c4fa:   b6 cb 4c 8b 50 18 5b 49 ff a2 98 01 00 00 cc cc
0x00007ffd3961c50a:   cc cc cc cc cc cc 48 8b 01 41 8b c8 48 8b 50 18
0x00007ffd3961c51a:   48 ff a2 b8 01 00 00 cc cc cc cc cc cc cc cc cc 


Stack slot to memory mapping:
stack at sp + 0 slots: 0x0000022e6483d621 is at code_begin+993 in an Interpreter codelet
method entry point (kind = native)  [0x0000022e6483d240, 0x0000022e6483dbc0]  2432 bytes
stack at sp + 1 slots: {method} {0x0000022e00d32520} 'glEnable' '(I)V' in 'org/lwjgl/opengl/GL11C'
stack at sp + 2 slots: 0x0 is NULL
stack at sp + 3 slots: {method} {0x0000022e00cf9840} 'glEnable' '(I)V' in 'org/lwjgl/opengl/GL11'
stack at sp + 4 slots: 0x0000022e5d02ecf0 is a thread
stack at sp + 5 slots: 0x0000022e5d02ecf0 is a thread
stack at sp + 6 slots: 0x0000022e6483d2f6 is at code_begin+182 in an Interpreter codelet
method entry point (kind = native)  [0x0000022e6483d240, 0x0000022e6483dbc0]  2432 bytes
stack at sp + 7 slots: 0x000000dfb30ff2c0 is pointing into the stack for thread: 0x0000022e5d02ecf0


---------------  P R O C E S S  ---------------

Threads class SMR info:
_java_thread_list=0x0000022e017fa890, length=14, elements={
0x0000022e5d02ecf0, 0x0000022e003fec20, 0x0000022e003ff5d0, 0x0000022e00414ae0,
0x0000022e004174a0, 0x0000022e00417e50, 0x0000022e00418800, 0x0000022e0041a2d0,
0x0000022e0041d530, 0x0000022e01012090, 0x0000022e010bbb20, 0x0000022e01180960,
0x0000022e0118c100, 0x0000022e01bf2840
}

Java Threads: ( => current thread )
=>0x0000022e5d02ecf0 JavaThread "main" [_thread_in_native, id=24180, stack(0x000000dfb3000000,0x000000dfb3100000)]
  0x0000022e003fec20 JavaThread "Reference Handler" daemon [_thread_blocked, id=24912, stack(0x000000dfb3700000,0x000000dfb3800000)]
  0x0000022e003ff5d0 JavaThread "Finalizer" daemon [_thread_blocked, id=24444, stack(0x000000dfb3800000,0x000000dfb3900000)]
  0x0000022e00414ae0 JavaThread "Signal Dispatcher" daemon [_thread_blocked, id=16376, stack(0x000000dfb3900000,0x000000dfb3a00000)]
  0x0000022e004174a0 JavaThread "Attach Listener" daemon [_thread_blocked, id=1136, stack(0x000000dfb3a00000,0x000000dfb3b00000)]
  0x0000022e00417e50 JavaThread "Service Thread" daemon [_thread_blocked, id=16968, stack(0x000000dfb3b00000,0x000000dfb3c00000)]
  0x0000022e00418800 JavaThread "Monitor Deflation Thread" daemon [_thread_blocked, id=25544, stack(0x000000dfb3c00000,0x000000dfb3d00000)]
  0x0000022e0041a2d0 JavaThread "C2 CompilerThread0" daemon [_thread_blocked, id=23008, stack(0x000000dfb3d00000,0x000000dfb3e00000)]
  0x0000022e0041d530 JavaThread "C1 CompilerThread0" daemon [_thread_blocked, id=6372, stack(0x000000dfb3e00000,0x000000dfb3f00000)]
  0x0000022e01012090 JavaThread "Sweeper thread" daemon [_thread_blocked, id=13612, stack(0x000000dfb3f00000,0x000000dfb4000000)]
  0x0000022e010bbb20 JavaThread "C1 CompilerThread1" daemon [_thread_blocked, id=22280, stack(0x000000dfb4000000,0x000000dfb4100000)]
  0x0000022e01180960 JavaThread "Notification Thread" daemon [_thread_blocked, id=13508, stack(0x000000dfb4100000,0x000000dfb4200000)]
  0x0000022e0118c100 JavaThread "Common-Cleaner" daemon [_thread_blocked, id=2316, stack(0x000000dfb4300000,0x000000dfb4400000)]
  0x0000022e01bf2840 JavaThread "C2 CompilerThread1" daemon [_thread_blocked, id=25404, stack(0x000000dfb4a00000,0x000000dfb4b00000)]

Other Threads:
  0x0000022e003fae90 VMThread "VM Thread" [stack: 0x000000dfb3600000,0x000000dfb3700000] [id=25168]
  0x0000022e01185e50 WatcherThread [stack: 0x000000dfb4200000,0x000000dfb4300000] [id=23516]
  0x0000022e5d080dd0 GCTaskThread "GC Thread#0" [stack: 0x000000dfb3100000,0x000000dfb3200000] [id=14680]
  0x0000022e5d091340 ConcurrentGCThread "G1 Main Marker" [stack: 0x000000dfb3200000,0x000000dfb3300000] [id=6580]
  0x0000022e5d093400 ConcurrentGCThread "G1 Conc#0" [stack: 0x000000dfb3300000,0x000000dfb3400000] [id=5232]
  0x0000022e5d0fc880 ConcurrentGCThread "G1 Refine#0" [stack: 0x000000dfb3400000,0x000000dfb3500000] [id=20476]
  0x0000022e5d0fe1b0 ConcurrentGCThread "G1 Service" [stack: 0x000000dfb3500000,0x000000dfb3600000] [id=1160]

Threads with active compile tasks:

VM state: not at safepoint (normal execution)

VM Mutex/Monitor currently owned by a thread: None

Heap address: 0x000000070a200000, size: 3934 MB, Compressed Oops mode: Zero based, Oop shift amount: 3

CDS archive(s) mapped at: [0x0000000800000000-0x0000000800bc0000-0x0000000800bc0000), size 12320768, SharedBaseAddress: 0x0000000800000000, ArchiveRelocationMode: 0.
Compressed class space mapped at: 0x0000000800c00000-0x0000000840c00000, reserved size: 1073741824
Narrow klass base: 0x0000000800000000, Narrow klass shift: 0, Narrow klass range: 0x100000000

GC Precious Log:
 CPUs: 16 total, 16 available
 Memory: 15734M
 Large Page Support: Disabled
 NUMA Support: Disabled
 Compressed Oops: Enabled (Zero based)
 Heap Region Size: 2M
 Heap Min Capacity: 8M
 Heap Initial Capacity: 246M
 Heap Max Capacity: 3934M
 Pre-touch: Disabled
 Parallel Workers: 13
 Concurrent Workers: 3
 Concurrent Refinement Workers: 13
 Periodic GC: Disabled

Heap:
 garbage-first heap   total 251904K, used 4096K [0x000000070a200000, 0x0000000800000000)
  region size 2048K, 4 young (8192K), 0 survivors (0K)
 Metaspace       used 2541K, committed 2688K, reserved 1056768K
  class space    used 171K, committed 256K, reserved 1048576K

Heap Regions: E=young(eden), S=young(survivor), O=old, HS=humongous(starts), HC=humongous(continues), CS=collection set, F=free, OA=open archive, CA=closed archive, TAMS=top-at-mark-start (previous, next)
|   0|0x000000070a200000, 0x000000070a200000, 0x000000070a400000|  0%| F|  |TAMS 0x000000070a200000, 0x000000070a200000| Untracked 
|   1|0x000000070a400000, 0x000000070a400000, 0x000000070a600000|  0%| F|  |TAMS 0x000000070a400000, 0x000000070a400000| Untracked 
|   2|0x000000070a600000, 0x000000070a600000, 0x000000070a800000|  0%| F|  |TAMS 0x000000070a600000, 0x000000070a600000| Untracked 
|   3|0x000000070a800000, 0x000000070a800000, 0x000000070aa00000|  0%| F|  |TAMS 0x000000070a800000, 0x000000070a800000| Untracked 
|   4|0x000000070aa00000, 0x000000070aa00000, 0x000000070ac00000|  0%| F|  |TAMS 0x000000070aa00000, 0x000000070aa00000| Untracked 
|   5|0x000000070ac00000, 0x000000070ac00000, 0x000000070ae00000|  0%| F|  |TAMS 0x000000070ac00000, 0x000000070ac00000| Untracked 
|   6|0x000000070ae00000, 0x000000070ae00000, 0x000000070b000000|  0%| F|  |TAMS 0x000000070ae00000, 0x000000070ae00000| Untracked 
|   7|0x000000070b000000, 0x000000070b000000, 0x000000070b200000|  0%| F|  |TAMS 0x000000070b000000, 0x000000070b000000| Untracked 
|   8|0x000000070b200000, 0x000000070b200000, 0x000000070b400000|  0%| F|  |TAMS 0x000000070b200000, 0x000000070b200000| Untracked 
|   9|0x000000070b400000, 0x000000070b400000, 0x000000070b600000|  0%| F|  |TAMS 0x000000070b400000, 0x000000070b400000| Untracked 
|  10|0x000000070b600000, 0x000000070b600000, 0x000000070b800000|  0%| F|  |TAMS 0x000000070b600000, 0x000000070b600000| Untracked 
|  11|0x000000070b800000, 0x000000070b800000, 0x000000070ba00000|  0%| F|  |TAMS 0x000000070b800000, 0x000000070b800000| Untracked 
|  12|0x000000070ba00000, 0x000000070ba00000, 0x000000070bc00000|  0%| F|  |TAMS 0x000000070ba00000, 0x000000070ba00000| Untracked 
|  13|0x000000070bc00000, 0x000000070bc00000, 0x000000070be00000|  0%| F|  |TAMS 0x000000070bc00000, 0x000000070bc00000| Untracked 
|  14|0x000000070be00000, 0x000000070be00000, 0x000000070c000000|  0%| F|  |TAMS 0x000000070be00000, 0x000000070be00000| Untracked 
|  15|0x000000070c000000, 0x000000070c000000, 0x000000070c200000|  0%| F|  |TAMS 0x000000070c000000, 0x000000070c000000| Untracked 
|  16|0x000000070c200000, 0x000000070c200000, 0x000000070c400000|  0%| F|  |TAMS 0x000000070c200000, 0x000000070c200000| Untracked 
|  17|0x000000070c400000, 0x000000070c400000, 0x000000070c600000|  0%| F|  |TAMS 0x000000070c400000, 0x000000070c400000| Untracked 
|  18|0x000000070c600000, 0x000000070c600000, 0x000000070c800000|  0%| F|  |TAMS 0x000000070c600000, 0x000000070c600000| Untracked 
|  19|0x000000070c800000, 0x000000070c800000, 0x000000070ca00000|  0%| F|  |TAMS 0x000000070c800000, 0x000000070c800000| Untracked 
|  20|0x000000070ca00000, 0x000000070ca00000, 0x000000070cc00000|  0%| F|  |TAMS 0x000000070ca00000, 0x000000070ca00000| Untracked 
|  21|0x000000070cc00000, 0x000000070cc00000, 0x000000070ce00000|  0%| F|  |TAMS 0x000000070cc00000, 0x000000070cc00000| Untracked 
|  22|0x000000070ce00000, 0x000000070ce00000, 0x000000070d000000|  0%| F|  |TAMS 0x000000070ce00000, 0x000000070ce00000| Untracked 
|  23|0x000000070d000000, 0x000000070d000000, 0x000000070d200000|  0%| F|  |TAMS 0x000000070d000000, 0x000000070d000000| Untracked 
|  24|0x000000070d200000, 0x000000070d200000, 0x000000070d400000|  0%| F|  |TAMS 0x000000070d200000, 0x000000070d200000| Untracked 
|  25|0x000000070d400000, 0x000000070d400000, 0x000000070d600000|  0%| F|  |TAMS 0x000000070d400000, 0x000000070d400000| Untracked 
|  26|0x000000070d600000, 0x000000070d600000, 0x000000070d800000|  0%| F|  |TAMS 0x000000070d600000, 0x000000070d600000| Untracked 
|  27|0x000000070d800000, 0x000000070d800000, 0x000000070da00000|  0%| F|  |TAMS 0x000000070d800000, 0x000000070d800000| Untracked 
|  28|0x000000070da00000, 0x000000070da00000, 0x000000070dc00000|  0%| F|  |TAMS 0x000000070da00000, 0x000000070da00000| Untracked 
|  29|0x000000070dc00000, 0x000000070dc00000, 0x000000070de00000|  0%| F|  |TAMS 0x000000070dc00000, 0x000000070dc00000| Untracked 
|  30|0x000000070de00000, 0x000000070de00000, 0x000000070e000000|  0%| F|  |TAMS 0x000000070de00000, 0x000000070de00000| Untracked 
|  31|0x000000070e000000, 0x000000070e000000, 0x000000070e200000|  0%| F|  |TAMS 0x000000070e000000, 0x000000070e000000| Untracked 
|  32|0x000000070e200000, 0x000000070e200000, 0x000000070e400000|  0%| F|  |TAMS 0x000000070e200000, 0x000000070e200000| Untracked 
|  33|0x000000070e400000, 0x000000070e400000, 0x000000070e600000|  0%| F|  |TAMS 0x000000070e400000, 0x000000070e400000| Untracked 
|  34|0x000000070e600000, 0x000000070e600000, 0x000000070e800000|  0%| F|  |TAMS 0x000000070e600000, 0x000000070e600000| Untracked 
|  35|0x000000070e800000, 0x000000070e800000, 0x000000070ea00000|  0%| F|  |TAMS 0x000000070e800000, 0x000000070e800000| Untracked 
|  36|0x000000070ea00000, 0x000000070ea00000, 0x000000070ec00000|  0%| F|  |TAMS 0x000000070ea00000, 0x000000070ea00000| Untracked 
|  37|0x000000070ec00000, 0x000000070ec00000, 0x000000070ee00000|  0%| F|  |TAMS 0x000000070ec00000, 0x000000070ec00000| Untracked 
|  38|0x000000070ee00000, 0x000000070ee00000, 0x000000070f000000|  0%| F|  |TAMS 0x000000070ee00000, 0x000000070ee00000| Untracked 
|  39|0x000000070f000000, 0x000000070f000000, 0x000000070f200000|  0%| F|  |TAMS 0x000000070f000000, 0x000000070f000000| Untracked 
|  40|0x000000070f200000, 0x000000070f200000, 0x000000070f400000|  0%| F|  |TAMS 0x000000070f200000, 0x000000070f200000| Untracked 
|  41|0x000000070f400000, 0x000000070f400000, 0x000000070f600000|  0%| F|  |TAMS 0x000000070f400000, 0x000000070f400000| Untracked 
|  42|0x000000070f600000, 0x000000070f600000, 0x000000070f800000|  0%| F|  |TAMS 0x000000070f600000, 0x000000070f600000| Untracked 
|  43|0x000000070f800000, 0x000000070f800000, 0x000000070fa00000|  0%| F|  |TAMS 0x000000070f800000, 0x000000070f800000| Untracked 
|  44|0x000000070fa00000, 0x000000070fa00000, 0x000000070fc00000|  0%| F|  |TAMS 0x000000070fa00000, 0x000000070fa00000| Untracked 
|  45|0x000000070fc00000, 0x000000070fc00000, 0x000000070fe00000|  0%| F|  |TAMS 0x000000070fc00000, 0x000000070fc00000| Untracked 
|  46|0x000000070fe00000, 0x000000070fe00000, 0x0000000710000000|  0%| F|  |TAMS 0x000000070fe00000, 0x000000070fe00000| Untracked 
|  47|0x0000000710000000, 0x0000000710000000, 0x0000000710200000|  0%| F|  |TAMS 0x0000000710000000, 0x0000000710000000| Untracked 
|  48|0x0000000710200000, 0x0000000710200000, 0x0000000710400000|  0%| F|  |TAMS 0x0000000710200000, 0x0000000710200000| Untracked 
|  49|0x0000000710400000, 0x0000000710400000, 0x0000000710600000|  0%| F|  |TAMS 0x0000000710400000, 0x0000000710400000| Untracked 
|  50|0x0000000710600000, 0x0000000710600000, 0x0000000710800000|  0%| F|  |TAMS 0x0000000710600000, 0x0000000710600000| Untracked 
|  51|0x0000000710800000, 0x0000000710800000, 0x0000000710a00000|  0%| F|  |TAMS 0x0000000710800000, 0x0000000710800000| Untracked 
|  52|0x0000000710a00000, 0x0000000710a00000, 0x0000000710c00000|  0%| F|  |TAMS 0x0000000710a00000, 0x0000000710a00000| Untracked 
|  53|0x0000000710c00000, 0x0000000710c00000, 0x0000000710e00000|  0%| F|  |TAMS 0x0000000710c00000, 0x0000000710c00000| Untracked 
|  54|0x0000000710e00000, 0x0000000710e00000, 0x0000000711000000|  0%| F|  |TAMS 0x0000000710e00000, 0x0000000710e00000| Untracked 
|  55|0x0000000711000000, 0x0000000711000000, 0x0000000711200000|  0%| F|  |TAMS 0x0000000711000000, 0x0000000711000000| Untracked 
|  56|0x0000000711200000, 0x0000000711200000, 0x0000000711400000|  0%| F|  |TAMS 0x0000000711200000, 0x0000000711200000| Untracked 
|  57|0x0000000711400000, 0x0000000711400000, 0x0000000711600000|  0%| F|  |TAMS 0x0000000711400000, 0x0000000711400000| Untracked 
|  58|0x0000000711600000, 0x0000000711600000, 0x0000000711800000|  0%| F|  |TAMS 0x0000000711600000, 0x0000000711600000| Untracked 
|  59|0x0000000711800000, 0x0000000711800000, 0x0000000711a00000|  0%| F|  |TAMS 0x0000000711800000, 0x0000000711800000| Untracked 
|  60|0x0000000711a00000, 0x0000000711a00000, 0x0000000711c00000|  0%| F|  |TAMS 0x0000000711a00000, 0x0000000711a00000| Untracked 
|  61|0x0000000711c00000, 0x0000000711c00000, 0x0000000711e00000|  0%| F|  |TAMS 0x0000000711c00000, 0x0000000711c00000| Untracked 
|  62|0x0000000711e00000, 0x0000000711e00000, 0x0000000712000000|  0%| F|  |TAMS 0x0000000711e00000, 0x0000000711e00000| Untracked 
|  63|0x0000000712000000, 0x0000000712000000, 0x0000000712200000|  0%| F|  |TAMS 0x0000000712000000, 0x0000000712000000| Untracked 
|  64|0x0000000712200000, 0x0000000712200000, 0x0000000712400000|  0%| F|  |TAMS 0x0000000712200000, 0x0000000712200000| Untracked 
|  65|0x0000000712400000, 0x0000000712400000, 0x0000000712600000|  0%| F|  |TAMS 0x0000000712400000, 0x0000000712400000| Untracked 
|  66|0x0000000712600000, 0x0000000712600000, 0x0000000712800000|  0%| F|  |TAMS 0x0000000712600000, 0x0000000712600000| Untracked 
|  67|0x0000000712800000, 0x0000000712800000, 0x0000000712a00000|  0%| F|  |TAMS 0x0000000712800000, 0x0000000712800000| Untracked 
|  68|0x0000000712a00000, 0x0000000712a00000, 0x0000000712c00000|  0%| F|  |TAMS 0x0000000712a00000, 0x0000000712a00000| Untracked 
|  69|0x0000000712c00000, 0x0000000712c00000, 0x0000000712e00000|  0%| F|  |TAMS 0x0000000712c00000, 0x0000000712c00000| Untracked 
|  70|0x0000000712e00000, 0x0000000712e00000, 0x0000000713000000|  0%| F|  |TAMS 0x0000000712e00000, 0x0000000712e00000| Untracked 
|  71|0x0000000713000000, 0x0000000713000000, 0x0000000713200000|  0%| F|  |TAMS 0x0000000713000000, 0x0000000713000000| Untracked 
|  72|0x0000000713200000, 0x0000000713200000, 0x0000000713400000|  0%| F|  |TAMS 0x0000000713200000, 0x0000000713200000| Untracked 
|  73|0x0000000713400000, 0x0000000713400000, 0x0000000713600000|  0%| F|  |TAMS 0x0000000713400000, 0x0000000713400000| Untracked 
|  74|0x0000000713600000, 0x0000000713600000, 0x0000000713800000|  0%| F|  |TAMS 0x0000000713600000, 0x0000000713600000| Untracked 
|  75|0x0000000713800000, 0x0000000713800000, 0x0000000713a00000|  0%| F|  |TAMS 0x0000000713800000, 0x0000000713800000| Untracked 
|  76|0x0000000713a00000, 0x0000000713a00000, 0x0000000713c00000|  0%| F|  |TAMS 0x0000000713a00000, 0x0000000713a00000| Untracked 
|  77|0x0000000713c00000, 0x0000000713c00000, 0x0000000713e00000|  0%| F|  |TAMS 0x0000000713c00000, 0x0000000713c00000| Untracked 
|  78|0x0000000713e00000, 0x0000000713e00000, 0x0000000714000000|  0%| F|  |TAMS 0x0000000713e00000, 0x0000000713e00000| Untracked 
|  79|0x0000000714000000, 0x0000000714000000, 0x0000000714200000|  0%| F|  |TAMS 0x0000000714000000, 0x0000000714000000| Untracked 
|  80|0x0000000714200000, 0x0000000714200000, 0x0000000714400000|  0%| F|  |TAMS 0x0000000714200000, 0x0000000714200000| Untracked 
|  81|0x0000000714400000, 0x0000000714400000, 0x0000000714600000|  0%| F|  |TAMS 0x0000000714400000, 0x0000000714400000| Untracked 
|  82|0x0000000714600000, 0x0000000714600000, 0x0000000714800000|  0%| F|  |TAMS 0x0000000714600000, 0x0000000714600000| Untracked 
|  83|0x0000000714800000, 0x0000000714800000, 0x0000000714a00000|  0%| F|  |TAMS 0x0000000714800000, 0x0000000714800000| Untracked 
|  84|0x0000000714a00000, 0x0000000714a00000, 0x0000000714c00000|  0%| F|  |TAMS 0x0000000714a00000, 0x0000000714a00000| Untracked 
|  85|0x0000000714c00000, 0x0000000714c00000, 0x0000000714e00000|  0%| F|  |TAMS 0x0000000714c00000, 0x0000000714c00000| Untracked 
|  86|0x0000000714e00000, 0x0000000714e00000, 0x0000000715000000|  0%| F|  |TAMS 0x0000000714e00000, 0x0000000714e00000| Untracked 
|  87|0x0000000715000000, 0x0000000715000000, 0x0000000715200000|  0%| F|  |TAMS 0x0000000715000000, 0x0000000715000000| Untracked 
|  88|0x0000000715200000, 0x0000000715200000, 0x0000000715400000|  0%| F|  |TAMS 0x0000000715200000, 0x0000000715200000| Untracked 
|  89|0x0000000715400000, 0x0000000715400000, 0x0000000715600000|  0%| F|  |TAMS 0x0000000715400000, 0x0000000715400000| Untracked 
|  90|0x0000000715600000, 0x0000000715600000, 0x0000000715800000|  0%| F|  |TAMS 0x0000000715600000, 0x0000000715600000| Untracked 
|  91|0x0000000715800000, 0x0000000715800000, 0x0000000715a00000|  0%| F|  |TAMS 0x0000000715800000, 0x0000000715800000| Untracked 
|  92|0x0000000715a00000, 0x0000000715a00000, 0x0000000715c00000|  0%| F|  |TAMS 0x0000000715a00000, 0x0000000715a00000| Untracked 
|  93|0x0000000715c00000, 0x0000000715c00000, 0x0000000715e00000|  0%| F|  |TAMS 0x0000000715c00000, 0x0000000715c00000| Untracked 
|  94|0x0000000715e00000, 0x0000000715e00000, 0x0000000716000000|  0%| F|  |TAMS 0x0000000715e00000, 0x0000000715e00000| Untracked 
|  95|0x0000000716000000, 0x0000000716000000, 0x0000000716200000|  0%| F|  |TAMS 0x0000000716000000, 0x0000000716000000| Untracked 
|  96|0x0000000716200000, 0x0000000716200000, 0x0000000716400000|  0%| F|  |TAMS 0x0000000716200000, 0x0000000716200000| Untracked 
|  97|0x0000000716400000, 0x0000000716400000, 0x0000000716600000|  0%| F|  |TAMS 0x0000000716400000, 0x0000000716400000| Untracked 
|  98|0x0000000716600000, 0x0000000716600000, 0x0000000716800000|  0%| F|  |TAMS 0x0000000716600000, 0x0000000716600000| Untracked 
|  99|0x0000000716800000, 0x0000000716800000, 0x0000000716a00000|  0%| F|  |TAMS 0x0000000716800000, 0x0000000716800000| Untracked 
| 100|0x0000000716a00000, 0x0000000716a00000, 0x0000000716c00000|  0%| F|  |TAMS 0x0000000716a00000, 0x0000000716a00000| Untracked 
| 101|0x0000000716c00000, 0x0000000716c00000, 0x0000000716e00000|  0%| F|  |TAMS 0x0000000716c00000, 0x0000000716c00000| Untracked 
| 102|0x0000000716e00000, 0x0000000716e00000, 0x0000000717000000|  0%| F|  |TAMS 0x0000000716e00000, 0x0000000716e00000| Untracked 
| 103|0x0000000717000000, 0x0000000717000000, 0x0000000717200000|  0%| F|  |TAMS 0x0000000717000000, 0x0000000717000000| Untracked 
| 104|0x0000000717200000, 0x0000000717200000, 0x0000000717400000|  0%| F|  |TAMS 0x0000000717200000, 0x0000000717200000| Untracked 
| 105|0x0000000717400000, 0x0000000717400000, 0x0000000717600000|  0%| F|  |TAMS 0x0000000717400000, 0x0000000717400000| Untracked 
| 106|0x0000000717600000, 0x0000000717600000, 0x0000000717800000|  0%| F|  |TAMS 0x0000000717600000, 0x0000000717600000| Untracked 
| 107|0x0000000717800000, 0x0000000717800000, 0x0000000717a00000|  0%| F|  |TAMS 0x0000000717800000, 0x0000000717800000| Untracked 
| 108|0x0000000717a00000, 0x0000000717a00000, 0x0000000717c00000|  0%| F|  |TAMS 0x0000000717a00000, 0x0000000717a00000| Untracked 
| 109|0x0000000717c00000, 0x0000000717c00000, 0x0000000717e00000|  0%| F|  |TAMS 0x0000000717c00000, 0x0000000717c00000| Untracked 
| 110|0x0000000717e00000, 0x0000000717e00000, 0x0000000718000000|  0%| F|  |TAMS 0x0000000717e00000, 0x0000000717e00000| Untracked 
| 111|0x0000000718000000, 0x0000000718000000, 0x0000000718200000|  0%| F|  |TAMS 0x0000000718000000, 0x0000000718000000| Untracked 
| 112|0x0000000718200000, 0x0000000718200000, 0x0000000718400000|  0%| F|  |TAMS 0x0000000718200000, 0x0000000718200000| Untracked 
| 113|0x0000000718400000, 0x0000000718400000, 0x0000000718600000|  0%| F|  |TAMS 0x0000000718400000, 0x0000000718400000| Untracked 
| 114|0x0000000718600000, 0x0000000718600000, 0x0000000718800000|  0%| F|  |TAMS 0x0000000718600000, 0x0000000718600000| Untracked 
| 115|0x0000000718800000, 0x0000000718800000, 0x0000000718a00000|  0%| F|  |TAMS 0x0000000718800000, 0x0000000718800000| Untracked 
| 116|0x0000000718a00000, 0x0000000718a00000, 0x0000000718c00000|  0%| F|  |TAMS 0x0000000718a00000, 0x0000000718a00000| Untracked 
| 117|0x0000000718c00000, 0x0000000718c00000, 0x0000000718e00000|  0%| F|  |TAMS 0x0000000718c00000, 0x0000000718c00000| Untracked 
| 118|0x0000000718e00000, 0x0000000718e00000, 0x0000000719000000|  0%| F|  |TAMS 0x0000000718e00000, 0x0000000718e00000| Untracked 
| 119|0x0000000719000000, 0x000000071908d198, 0x0000000719200000| 27%| E|  |TAMS 0x0000000719000000, 0x0000000719000000| Complete 
| 120|0x0000000719200000, 0x0000000719400000, 0x0000000719400000|100%| E|  |TAMS 0x0000000719200000, 0x0000000719200000| Complete 
| 121|0x0000000719400000, 0x0000000719600000, 0x0000000719600000|100%| E|CS|TAMS 0x0000000719400000, 0x0000000719400000| Complete 
| 122|0x0000000719600000, 0x0000000719800000, 0x0000000719800000|100%| E|CS|TAMS 0x0000000719600000, 0x0000000719600000| Complete 

Card table byte_map: [0x0000022e74870000,0x0000022e75020000] _byte_map_base: 0x0000022e7101f000

Marking Bits (Prev, Next): (CMBitMap*) 0x0000022e5d0812e0, (CMBitMap*) 0x0000022e5d081320
 Prev Bits: [0x0000022e757d0000, 0x0000022e79548000)
 Next Bits: [0x0000022e79550000, 0x0000022e7d2c8000)

Polling page: 0x0000022e5c800000

Metaspace:

Usage:
  Non-class:      2.31 MB used.
      Class:    171.53 KB used.
       Both:      2.48 MB used.

Virtual space:
  Non-class space:        8.00 MB reserved,       2.38 MB ( 30%) committed,  1 nodes.
      Class space:        1.00 GB reserved,     256.00 KB ( <1%) committed,  1 nodes.
             Both:        1.01 GB reserved,       2.62 MB ( <1%) committed. 

Chunk freelists:
   Non-Class:  2.75 MB
       Class:  3.64 MB
        Both:  6.39 MB

MaxMetaspaceSize: unlimited
CompressedClassSpaceSize: 1.00 GB
Initial GC threshold: 21.00 MB
Current GC threshold: 21.00 MB
CDS: on
MetaspaceReclaimPolicy: balanced
 - commit_granule_bytes: 65536.
 - commit_granule_words: 8192.
 - virtual_space_node_default_size: 1048576.
 - enlarge_chunks_in_place: 1.
 - new_chunks_are_fully_committed: 0.
 - uncommit_free_chunks: 1.
 - use_allocation_guard: 0.
 - handle_deallocations: 1.


Internal statistics:

num_allocs_failed_limit: 0.
num_arena_births: 72.
num_arena_deaths: 0.
num_vsnodes_births: 2.
num_vsnodes_deaths: 0.
num_space_committed: 42.
num_space_uncommitted: 0.
num_chunks_returned_to_freelist: 0.
num_chunks_taken_from_freelist: 148.
num_chunk_merges: 0.
num_chunk_splits: 91.
num_chunks_enlarged: 61.
num_purges: 0.
num_inconsistent_stats: 0.

CodeHeap 'non-profiled nmethods': size=119168Kb used=152Kb max_used=152Kb free=119015Kb
 bounds [0x0000022e6c3d0000, 0x0000022e6c640000, 0x0000022e73830000]
CodeHeap 'profiled nmethods': size=119104Kb used=865Kb max_used=865Kb free=118238Kb
 bounds [0x0000022e64f80000, 0x0000022e651f0000, 0x0000022e6c3d0000]
CodeHeap 'non-nmethods': size=7488Kb used=2090Kb max_used=2105Kb free=5397Kb
 bounds [0x0000022e64830000, 0x0000022e64aa0000, 0x0000022e64f80000]
 total_blobs=1488 nmethods=553 adapters=847
 compilation: enabled
              stopped_count=0, restarted_count=0
 full_count=0

Compilation events (20 events):
Event: 0.669 Thread 0x0000022e010bbb20  541       3       jdk.internal.jimage.ImageLocation::verifyName (161 bytes)
Event: 0.670 Thread 0x0000022e0041d530 nmethod 540 0x0000022e65050410 code [0x0000022e65050700, 0x0000022e65051888]
Event: 0.670 Thread 0x0000022e010bbb20 nmethod 541 0x0000022e65052010 code [0x0000022e65052340, 0x0000022e65053978]
Event: 0.670 Thread 0x0000022e010bbb20  544       3       sun.misc.Unsafe::putLong (11 bytes)
Event: 0.670 Thread 0x0000022e0041d530  545       3       org.lwjgl.system.MemoryUtil::memPutAddress (29 bytes)
Event: 0.670 Thread 0x0000022e010bbb20 nmethod 544 0x0000022e65054310 code [0x0000022e650544a0, 0x0000022e650545b8]
Event: 0.671 Thread 0x0000022e0041d530 nmethod 545 0x0000022e65054690 code [0x0000022e65054840, 0x0000022e65054a38]
Event: 0.671 Thread 0x0000022e010bbb20  548   !   3       jdk.internal.loader.BuiltinClassLoader::loadClassOrNull (143 bytes)
Event: 0.671 Thread 0x0000022e0041d530  549       3       java.lang.ClassLoader::getClassLoadingLock (35 bytes)
Event: 0.671 Thread 0x0000022e01bf2840  537       4       jdk.internal.jimage.ImageStringsReader::unmaskedHashCode (166 bytes)
Event: 0.671 Thread 0x0000022e0041d530 nmethod 549 0x0000022e65054b10 code [0x0000022e65054cc0, 0x0000022e65054fc8]
Event: 0.671 Thread 0x0000022e0041d530  550       3       java.lang.ClassLoader::findLoadedClass (15 bytes)
Event: 0.671 Thread 0x0000022e0041d530 nmethod 550 0x0000022e65055110 code [0x0000022e650552c0, 0x0000022e650554b8]
Event: 0.671 Thread 0x0000022e0041d530  552       3       jdk.internal.loader.BuiltinClassLoader::findLoadedModule (33 bytes)
Event: 0.672 Thread 0x0000022e0041a2d0 nmethod 527 0x0000022e6c3f3c10 code [0x0000022e6c3f3dc0, 0x0000022e6c3f4448]
Event: 0.672 Thread 0x0000022e0041d530 nmethod 552 0x0000022e65055590 code [0x0000022e650557a0, 0x0000022e65055df8]
Event: 0.672 Thread 0x0000022e0041d530  553       3       jdk.internal.loader.BuiltinClassLoader::loadClassOrNull (7 bytes)
Event: 0.672 Thread 0x0000022e0041a2d0  542       4       java.lang.StringLatin1::replace (198 bytes)
Event: 0.672 Thread 0x0000022e0041d530 nmethod 553 0x0000022e65058190 code [0x0000022e65058340, 0x0000022e65058508]
Event: 0.673 Thread 0x0000022e010bbb20 nmethod 548 0x0000022e65056090 code [0x0000022e650563c0, 0x0000022e65057918]

GC Heap History (0 events):
No events

Deoptimization events (6 events):
Event: 0.152 Thread 0x0000022e5d02ecf0 DEOPT PACKING pc=0x0000022e64f9e667 sp=0x000000dfb30f9c60
Event: 0.152 Thread 0x0000022e5d02ecf0 DEOPT UNPACKING pc=0x0000022e64882b43 sp=0x000000dfb30f9080 mode 0
Event: 0.161 Thread 0x0000022e5d02ecf0 Uncommon trap: trap_request=0xffffff45 fr.pc=0x0000022e6c3e6064 relative=0x0000000000000064
Event: 0.161 Thread 0x0000022e5d02ecf0 Uncommon trap: reason=unstable_if action=reinterpret pc=0x0000022e6c3e6064 method=java.io.WinNTFileSystem.isSlash(C)Z @ 9 c2
Event: 0.161 Thread 0x0000022e5d02ecf0 DEOPT PACKING pc=0x0000022e6c3e6064 sp=0x000000dfb30fba30
Event: 0.161 Thread 0x0000022e5d02ecf0 DEOPT UNPACKING pc=0x0000022e648823a3 sp=0x000000dfb30fb9b8 mode 2

Classes unloaded (0 events):
No events

Classes redefined (0 events):
No events

Internal exceptions (20 events):
Event: 0.133 Thread 0x0000022e5d02ecf0 Exception <a 'java/lang/NoSuchMethodError'{0x000000071955aae8}: 'void java.lang.invoke.DirectMethodHandle$Holder.invokeStatic(java.lang.Object, java.lang.Object)'> (0x000000071955aae8) 
thrown [t:\workspace\open\src\hotspot\share\interpreter\linkResolver.cpp, line 766]
Event: 0.133 Thread 0x0000022e5d02ecf0 Exception <a 'java/lang/NoSuchMethodError'{0x0000000719560330}: 'void java.lang.invoke.DirectMethodHandle$Holder.invokeSpecial(java.lang.Object, java.lang.Object, java.lang.Object)'> (0x0000000719560330) 
thrown [t:\workspace\open\src\hotspot\share\interpreter\linkResolver.cpp, line 766]
Event: 0.136 Thread 0x0000022e5d02ecf0 Exception <a 'java/lang/NoSuchMethodError'{0x0000000719573920}: 'java.lang.Object java.lang.invoke.DirectMethodHandle$Holder.invokeStatic(java.lang.Object, java.lang.Object, int)'> (0x0000000719573920) 
thrown [t:\workspace\open\src\hotspot\share\interpreter\linkResolver.cpp, line 766]
Event: 0.137 Thread 0x0000022e5d02ecf0 Exception <a 'java/lang/NoSuchMethodError'{0x000000071957f690}: 'void java.lang.invoke.DelegatingMethodHandle$Holder.delegate(java.lang.Object, java.lang.Object, int, java.lang.Object)'> (0x000000071957f690) 
thrown [t:\workspace\open\src\hotspot\share\interpreter\linkResolver.cpp, line 766]
Event: 0.137 Thread 0x0000022e5d02ecf0 Exception <a 'java/lang/NoSuchMethodError'{0x00000007195838d0}: 'int java.lang.invoke.DirectMethodHandle$Holder.invokeSpecial(java.lang.Object, java.lang.Object, java.lang.Object)'> (0x00000007195838d0) 
thrown [t:\workspace\open\src\hotspot\share\interpreter\linkResolver.cpp, line 766]
Event: 0.166 Thread 0x0000022e5d02ecf0 Exception <a 'sun/nio/fs/WindowsException'{0x000000071920ed58}> (0x000000071920ed58) 
thrown [t:\workspace\open\src\hotspot\share\prims\jni.cpp, line 516]
Event: 0.167 Thread 0x0000022e5d02ecf0 Exception <a 'sun/nio/fs/WindowsException'{0x000000071920f2b8}> (0x000000071920f2b8) 
thrown [t:\workspace\open\src\hotspot\share\prims\jni.cpp, line 516]
Event: 0.176 Thread 0x0000022e5d02ecf0 Exception <a 'java/lang/NoSuchMethodError'{0x0000000719245b28}: 'int java.lang.invoke.DirectMethodHandle$Holder.invokeStaticInit(java.lang.Object, java.lang.Object, int, long)'> (0x0000000719245b28) 
thrown [t:\workspace\open\src\hotspot\share\interpreter\linkResolver.cpp, line 766]
Event: 0.177 Thread 0x0000022e5d02ecf0 Exception <a 'java/lang/NoSuchMethodError'{0x000000071924b3f0}: 'java.lang.Object java.lang.invoke.DirectMethodHandle$Holder.newInvokeSpecial(java.lang.Object, java.lang.Object, int)'> (0x000000071924b3f0) 
thrown [t:\workspace\open\src\hotspot\share\interpreter\linkResolver.cpp, line 766]
Event: 0.178 Thread 0x0000022e5d02ecf0 Exception <a 'java/lang/NoSuchMethodError'{0x000000071925b260}: 'int java.lang.invoke.DirectMethodHandle$Holder.invokeStaticInit(java.lang.Object, java.lang.Object, long, long)'> (0x000000071925b260) 
thrown [t:\workspace\open\src\hotspot\share\interpreter\linkResolver.cpp, line 766]
Event: 0.179 Thread 0x0000022e5d02ecf0 Exception <a 'java/lang/NoSuchMethodError'{0x0000000719261370}: 'java.lang.Object java.lang.invoke.DirectMethodHandle$Holder.newInvokeSpecial(java.lang.Object, java.lang.Object, long)'> (0x0000000719261370) 
thrown [t:\workspace\open\src\hotspot\share\interpreter\linkResolver.cpp, line 766]
Event: 0.179 Thread 0x0000022e5d02ecf0 Exception <a 'java/lang/NoSuchMethodError'{0x00000007192653b8}: 'java.lang.Object java.lang.invoke.Invokers$Holder.linkToTargetMethod(java.lang.Object, long, java.lang.Object)'> (0x00000007192653b8) 
thrown [t:\workspace\open\src\hotspot\share\interpreter\linkResolver.cpp, line 766]
Event: 0.180 Thread 0x0000022e5d02ecf0 Exception <a 'java/lang/NoSuchMethodError'{0x000000071926cad0}: 'int java.lang.invoke.DirectMethodHandle$Holder.invokeStaticInit(java.lang.Object, java.lang.Object, java.lang.Object, long)'> (0x000000071926cad0) 
thrown [t:\workspace\open\src\hotspot\share\interpreter\linkResolver.cpp, line 766]
Event: 0.197 Thread 0x0000022e5d02ecf0 Exception <a 'sun/nio/fs/WindowsException'{0x0000000719327498}> (0x0000000719327498) 
thrown [t:\workspace\open\src\hotspot\share\prims\jni.cpp, line 516]
Event: 0.197 Thread 0x0000022e5d02ecf0 Exception <a 'sun/nio/fs/WindowsException'{0x0000000719327818}> (0x0000000719327818) 
thrown [t:\workspace\open\src\hotspot\share\prims\jni.cpp, line 516]
Event: 0.368 Thread 0x0000022e5d02ecf0 Exception <a 'java/lang/NoSuchMethodError'{0x00000007193a3a10}: 'void java.lang.invoke.DirectMethodHandle$Holder.invokeStatic(java.lang.Object, int, int)'> (0x00000007193a3a10) 
thrown [t:\workspace\open\src\hotspot\share\interpreter\linkResolver.cpp, line 766]
Event: 0.665 Thread 0x0000022e5d02ecf0 Exception <a 'sun/nio/fs/WindowsException'{0x0000000719027000}> (0x0000000719027000) 
thrown [t:\workspace\open\src\hotspot\share\prims\jni.cpp, line 516]
Event: 0.665 Thread 0x0000022e5d02ecf0 Exception <a 'sun/nio/fs/WindowsException'{0x00000007190273c0}> (0x00000007190273c0) 
thrown [t:\workspace\open\src\hotspot\share\prims\jni.cpp, line 516]
Event: 0.669 Thread 0x0000022e5d02ecf0 Exception <a 'sun/nio/fs/WindowsException'{0x000000071902e050}> (0x000000071902e050) 
thrown [t:\workspace\open\src\hotspot\share\prims\jni.cpp, line 516]
Event: 0.669 Thread 0x0000022e5d02ecf0 Exception <a 'sun/nio/fs/WindowsException'{0x000000071902e348}> (0x000000071902e348) 
thrown [t:\workspace\open\src\hotspot\share\prims\jni.cpp, line 516]

VM Operations (4 events):
Event: 0.094 Executing VM operation: HandshakeAllThreads
Event: 0.094 Executing VM operation: HandshakeAllThreads done
Event: 0.161 Executing VM operation: HandshakeAllThreads
Event: 0.161 Executing VM operation: HandshakeAllThreads done

Events (20 events):
Event: 0.173 loading class jdk/internal/reflect/UnsafeFieldAccessorFactory
Event: 0.173 loading class jdk/internal/reflect/UnsafeFieldAccessorFactory done
Event: 0.173 loading class jdk/internal/reflect/UnsafeQualifiedStaticObjectFieldAccessorImpl
Event: 0.173 loading class jdk/internal/reflect/UnsafeQualifiedStaticFieldAccessorImpl
Event: 0.173 loading class jdk/internal/reflect/UnsafeQualifiedStaticFieldAccessorImpl done
Event: 0.173 loading class jdk/internal/reflect/UnsafeQualifiedStaticObjectFieldAccessorImpl done
Event: 0.175 loading class java/util/function/LongPredicate
Event: 0.175 loading class java/util/function/LongPredicate done
Event: 0.177 loading class jdk/internal/access/foreign/MemorySegmentProxy
Event: 0.177 loading class jdk/internal/access/foreign/MemorySegmentProxy done
Event: 0.181 loading class java/nio/InvalidMarkException
Event: 0.181 loading class java/nio/InvalidMarkException done
Event: 0.181 loading class java/nio/BufferUnderflowException
Event: 0.181 loading class java/nio/BufferUnderflowException done
Event: 0.197 loading class java/lang/NoSuchFieldError
Event: 0.197 loading class java/lang/NoSuchFieldError done
Event: 0.201 loading class jdk/internal/reflect/UnsafeQualifiedStaticIntegerFieldAccessorImpl
Event: 0.201 loading class jdk/internal/reflect/UnsafeQualifiedStaticIntegerFieldAccessorImpl done
Event: 0.667 Loaded shared library C:\Users\Orlando\AppData\Local\Temp\lwjglOrlando\3.3.1-build-7\lwjgl_opengl.dll
Event: 0.671 Thread 0x0000022e01bf2840 Thread added: 0x0000022e01bf2840


Dynamic libraries:
0x00007ff623fc0000 - 0x00007ff623fd0000 	C:\Program Files\Java\jdk-17.0.1\bin\java.exe
0x00007ffd57c70000 - 0x00007ffd57e84000 	C:\WINDOWS\SYSTEM32\ntdll.dll
0x00007ffd56900000 - 0x00007ffd569c3000 	C:\WINDOWS\System32\KERNEL32.DLL
0x00007ffd55370000 - 0x00007ffd5570d000 	C:\WINDOWS\System32\KERNELBASE.dll
0x00007ffd55820000 - 0x00007ffd55931000 	C:\WINDOWS\System32\ucrtbase.dll
0x00007ffd4e320000 - 0x00007ffd4e338000 	C:\Program Files\Java\jdk-17.0.1\bin\jli.dll
0x00007ffd47b20000 - 0x00007ffd47b3a000 	C:\Program Files\Java\jdk-17.0.1\bin\VCRUNTIME140.dll
0x00007ffd57b70000 - 0x00007ffd57c1e000 	C:\WINDOWS\System32\ADVAPI32.dll
0x00007ffd57080000 - 0x00007ffd57127000 	C:\WINDOWS\System32\msvcrt.dll
0x00007ffd56d00000 - 0x00007ffd56da4000 	C:\WINDOWS\System32\sechost.dll
0x00007ffd561e0000 - 0x00007ffd562f5000 	C:\WINDOWS\System32\RPCRT4.dll
0x00007ffd563c0000 - 0x00007ffd5656d000 	C:\WINDOWS\System32\USER32.dll
0x00007ffd55090000 - 0x00007ffd550b6000 	C:\WINDOWS\System32\win32u.dll
0x00007ffd57000000 - 0x00007ffd57029000 	C:\WINDOWS\System32\GDI32.dll
0x00007ffd55940000 - 0x00007ffd55a52000 	C:\WINDOWS\System32\gdi32full.dll
0x00007ffd55710000 - 0x00007ffd557aa000 	C:\WINDOWS\System32\msvcp_win.dll
0x00007ffd45b10000 - 0x00007ffd45d9e000 	C:\WINDOWS\WinSxS\amd64_microsoft.windows.common-controls_6595b64144ccf1df_6.0.22621.608_none_a9444ca7c10bb01d\COMCTL32.dll
0x00007ffd4c780000 - 0x00007ffd4c78a000 	C:\WINDOWS\SYSTEM32\VERSION.dll
0x00007ffd57340000 - 0x00007ffd57372000 	C:\WINDOWS\System32\IMM32.DLL
0x00007ffd4faa0000 - 0x00007ffd4faac000 	C:\Program Files\Java\jdk-17.0.1\bin\vcruntime140_1.dll
0x00007ffd3b4c0000 - 0x00007ffd3b54d000 	C:\Program Files\Java\jdk-17.0.1\bin\msvcp140.dll
0x00007ffcef200000 - 0x00007ffcefdbe000 	C:\Program Files\Java\jdk-17.0.1\bin\server\jvm.dll
0x00007ffd57130000 - 0x00007ffd57138000 	C:\WINDOWS\System32\PSAPI.DLL
0x00007ffd4ede0000 - 0x00007ffd4ee14000 	C:\WINDOWS\SYSTEM32\WINMM.dll
0x00007ffd30400000 - 0x00007ffd30409000 	C:\WINDOWS\SYSTEM32\WSOCK32.dll
0x00007ffd56ab0000 - 0x00007ffd56b21000 	C:\WINDOWS\System32\WS2_32.dll
0x00007ffd540b0000 - 0x00007ffd540c8000 	C:\WINDOWS\SYSTEM32\kernel.appcore.dll
0x00007ffd4c7a0000 - 0x00007ffd4c7aa000 	C:\Program Files\Java\jdk-17.0.1\bin\jimage.dll
0x00007ffd52330000 - 0x00007ffd5255e000 	C:\WINDOWS\SYSTEM32\DBGHELP.DLL
0x00007ffd56570000 - 0x00007ffd568fa000 	C:\WINDOWS\System32\combase.dll
0x00007ffd569d0000 - 0x00007ffd56aa7000 	C:\WINDOWS\System32\OLEAUT32.dll
0x00007ffd49e80000 - 0x00007ffd49eb2000 	C:\WINDOWS\SYSTEM32\dbgcore.DLL
0x00007ffd552f0000 - 0x00007ffd5536b000 	C:\WINDOWS\System32\bcryptPrimitives.dll
0x00007ffd443b0000 - 0x00007ffd443d5000 	C:\Program Files\Java\jdk-17.0.1\bin\java.dll
0x00007ffd3b3e0000 - 0x00007ffd3b4b6000 	C:\Program Files\Java\jdk-17.0.1\bin\svml.dll
0x00007ffd57380000 - 0x00007ffd57b6f000 	C:\WINDOWS\System32\SHELL32.dll
0x00007ffd53070000 - 0x00007ffd53938000 	C:\WINDOWS\SYSTEM32\windows.storage.dll
0x00007ffd52f30000 - 0x00007ffd5306e000 	C:\WINDOWS\SYSTEM32\wintypes.dll
0x00007ffd55ac0000 - 0x00007ffd55bb1000 	C:\WINDOWS\System32\SHCORE.dll
0x00007ffd57260000 - 0x00007ffd572be000 	C:\WINDOWS\System32\shlwapi.dll
0x00007ffd54fc0000 - 0x00007ffd54fe1000 	C:\WINDOWS\SYSTEM32\profapi.dll
0x00007ffd453a0000 - 0x00007ffd453b9000 	C:\Program Files\Java\jdk-17.0.1\bin\net.dll
0x00007ffd50530000 - 0x00007ffd5065f000 	C:\WINDOWS\SYSTEM32\WINHTTP.dll
0x00007ffd54500000 - 0x00007ffd54569000 	C:\WINDOWS\system32\mswsock.dll
0x00007ffd444e0000 - 0x00007ffd444f5000 	C:\Program Files\Java\jdk-17.0.1\bin\nio.dll
0x00007ffd42a40000 - 0x00007ffd42a58000 	C:\Program Files\Java\jdk-17.0.1\bin\zip.dll
0x00007ffd3b5f0000 - 0x00007ffd3b665000 	C:\Users\Orlando\AppData\Local\Temp\lwjglOrlando\3.3.1-build-7\lwjgl.dll
0x00007ffd443e0000 - 0x00007ffd44441000 	C:\Users\Orlando\AppData\Local\Temp\lwjglOrlando\3.3.1-build-7\glfw.dll
0x00007ffd3e4e0000 - 0x00007ffd3e526000 	C:\WINDOWS\SYSTEM32\dinput8.dll
0x00007ffd4e370000 - 0x00007ffd4e381000 	C:\WINDOWS\SYSTEM32\xinput1_4.dll
0x00007ffd54d80000 - 0x00007ffd54dce000 	C:\WINDOWS\SYSTEM32\cfgmgr32.dll
0x00007ffd54d40000 - 0x00007ffd54d73000 	C:\WINDOWS\SYSTEM32\DEVOBJ.dll
0x00007ffd521d0000 - 0x00007ffd521fb000 	C:\WINDOWS\SYSTEM32\dwmapi.dll
0x00007ffd42ab0000 - 0x00007ffd42cb1000 	C:\WINDOWS\SYSTEM32\inputhost.dll
0x00007ffd4d590000 - 0x00007ffd4d6c3000 	C:\WINDOWS\SYSTEM32\CoreMessaging.dll
0x00007ffd51820000 - 0x00007ffd518cb000 	C:\WINDOWS\system32\uxtheme.dll
0x00007ffd54870000 - 0x00007ffd5487c000 	C:\WINDOWS\SYSTEM32\CRYPTBASE.DLL
0x00007ffd57140000 - 0x00007ffd5725e000 	C:\WINDOWS\System32\MSCTF.dll
0x00007ffd3d140000 - 0x00007ffd3d240000 	C:\WINDOWS\SYSTEM32\opengl32.dll
0x00007ffd3d050000 - 0x00007ffd3d07d000 	C:\WINDOWS\SYSTEM32\GLU32.dll
0x00007ffd51940000 - 0x00007ffd51976000 	C:\WINDOWS\SYSTEM32\dxcore.dll
0x00007ffd56300000 - 0x00007ffd563b7000 	C:\WINDOWS\System32\clbcatq.dll
0x00007ffcdd1a0000 - 0x00007ffce0ad2000 	C:\WINDOWS\System32\DriverStore\FileRepository\nvltsi.inf_amd64_b3b4671a036eef7b\nvoglv64.dll
0x00007ffd55c30000 - 0x00007ffd560aa000 	C:\WINDOWS\System32\SETUPAPI.dll
0x00007ffd56b40000 - 0x00007ffd56cdc000 	C:\WINDOWS\System32\ole32.dll
0x00007ffd4eab0000 - 0x00007ffd4eac4000 	C:\WINDOWS\SYSTEM32\WTSAPI32.dll
0x00007ffd54a30000 - 0x00007ffd54a58000 	C:\WINDOWS\SYSTEM32\bcrypt.dll
0x00007ffd54d20000 - 0x00007ffd54d32000 	C:\WINDOWS\SYSTEM32\msasn1.dll
0x00007ffd4c740000 - 0x00007ffd4c772000 	C:\WINDOWS\SYSTEM32\cryptnet.dll
0x00007ffd550c0000 - 0x00007ffd55226000 	C:\WINDOWS\System32\CRYPT32.dll
0x00007ffd4c560000 - 0x00007ffd4c6b8000 	C:\WINDOWS\SYSTEM32\drvstore.dll
0x00007ffd547f0000 - 0x00007ffd54839000 	C:\WINDOWS\SYSTEM32\wldp.dll
0x00007ffd557b0000 - 0x00007ffd5581b000 	C:\WINDOWS\System32\WINTRUST.dll
0x00007ffd540d0000 - 0x00007ffd54104000 	C:\WINDOWS\SYSTEM32\ntmarta.dll
0x00007ffcf9120000 - 0x00007ffcf93ef000 	C:\WINDOWS\system32\nvspcap64.dll
0x00007ffd548c0000 - 0x00007ffd5490d000 	C:\WINDOWS\SYSTEM32\powrprof.dll
0x00007ffd548a0000 - 0x00007ffd548b3000 	C:\WINDOWS\SYSTEM32\UMPDC.dll
0x00007ffd545a0000 - 0x00007ffd54606000 	C:\WINDOWS\SYSTEM32\WINSTA.dll
0x00007ffd53940000 - 0x00007ffd5394e000 	C:\WINDOWS\SYSTEM32\HID.DLL
0x00007ffd40360000 - 0x00007ffd4048d000 	C:\WINDOWS\SYSTEM32\textinputframework.dll
0x00007ffd4a8d0000 - 0x00007ffd4ac3c000 	C:\WINDOWS\SYSTEM32\CoreUIComponents.dll
0x00007ffd39610000 - 0x00007ffd3966d000 	C:\Users\Orlando\AppData\Local\Temp\lwjglOrlando\3.3.1-build-7\lwjgl_opengl.dll

dbghelp: loaded successfully - version: 4.0.5 - missing functions: none
symbol engine: initialized successfully - sym options: 0x614 - pdb path: .;C:\Program Files\Java\jdk-17.0.1\bin;C:\WINDOWS\SYSTEM32;C:\WINDOWS\WinSxS\amd64_microsoft.windows.common-controls_6595b64144ccf1df_6.0.22621.608_none_a9444ca7c10bb01d;C:\Program Files\Java\jdk-17.0.1\bin\server;C:\Users\Orlando\AppData\Local\Temp\lwjglOrlando\3.3.1-build-7;C:\WINDOWS\System32\DriverStore\FileRepository\nvltsi.inf_amd64_b3b4671a036eef7b

VM Arguments:
jvm_args: -Dfile.encoding=windows-1252 -Duser.country=MX -Duser.language=es -Duser.variant 
java_command: com.orlang.TetrisGame
java_class_path (initial): C:\Users\Orlando\TetrisAOVM\build\classes\java\main;C:\Users\Orlando\TetrisAOVM\build\resources\main;C:\Users\Orlando\.gradle\caches\modules-2\files-2.1\org.lwjgl\lwjgl-assimp\3.3.1\312072f451794f25670aebb0160ce6ec88aff842\lwjgl-assimp-3.3.1.jar;C:\Users\Orlando\.gradle\caches\modules-2\files-2.1\org.lwjgl\lwjgl-assimp\3.3.1\bfa2a0d57acbf952b716d0ad8a3acbd7ad9f5639\lwjgl-assimp-3.3.1-natives-windows.jar;C:\Users\Orlando\.gradle\caches\modules-2\files-2.1\org.lwjgl\lwjgl-glfw\3.3.1\cbac1b8d30cb4795149c1ef540f912671a8616d0\lwjgl-glfw-3.3.1.jar;C:\Users\Orlando\.gradle\caches\modules-2\files-2.1\org.lwjgl\lwjgl-glfw\3.3.1\ed892f945cf7e79c8756796f32d00fa4ceaf573b\lwjgl-glfw-3.3.1-natives-windows.jar;C:\Users\Orlando\.gradle\caches\modules-2\files-2.1\org.lwjgl\lwjgl-openal\3.3.1\2623a6b8ae1dfcd880738656a9f0243d2e6840bd\lwjgl-openal-3.3.1.jar;C:\Users\Orlando\.gradle\caches\modules-2\files-2.1\org.lwjgl\lwjgl-openal\3.3.1\30a474d0e57193d7bc128849a3ab66bc9316fdb1\lwjgl-openal-3.3.1-natives-windows.jar;C:\Users\Orlando\.gradle\caches\modules-2\files-2.1\org.lwjgl\lwjgl-opengl\3.3.1\831a5533a21a5f4f81bbc51bb13e9899319b5411\lwjgl-opengl-3.3.1.jar;C:\Users\Orlando\.gradle\caches\modules-2\files-2.1\org.lwjgl\lwjgl-opengl\3.3.1\c1807e9bd571402787d7e37e3029776ae2513bb8\lwjgl-opengl-3.3.1-natives-windows.jar;C:\Users\Orlando\.gradle\caches\modules-2\files-2.1\org.lwjgl\lwjgl-stb\3.3.1\b119297cf8ed01f247abe8685857f8e7fcf5980f\lwjgl-stb-3.3.1.jar;C:\Users\Orlando\.gradle\caches\modules-2\files-2.1\org.lwjgl\lwjgl-stb\3.3.1\86315914ac119efdb02dc9e8e978ade84f1702af\lwjgl-stb-3.3.1-natives-windows.jar;C:\Users\Orlando\.gradle\caches\modules-2\files-2.1\org.lwjgl\lwjgl\3.3.1\ae58664f88e18a9bb2c77b063833ca7aaec484cb\lwjgl-3.3.1.jar;C:\Users\Orlando\.gradle\caches\modules-2\files-2.1\org.lwjgl\lwjgl\3.3.1\36c37f16ab611b3aa11f3bcf80b1d509b4ce6b\lwjgl-3.3.1-natives-windows.jar;C:\Users\Orlando\.gradle\caches\modules-2\files-2.1\org.joml\joml\1.10.5\22566d58af7
Launcher Type: SUN_STANDARD

[Global flags]
     intx CICompilerCount                          = 12                                        {product} {ergonomic}
     uint ConcGCThreads                            = 3                                         {product} {ergonomic}
     uint G1ConcRefinementThreads                  = 13                                        {product} {ergonomic}
   size_t G1HeapRegionSize                         = 2097152                                   {product} {ergonomic}
    uintx GCDrainStackTargetSize                   = 64                                        {product} {ergonomic}
   size_t InitialHeapSize                          = 257949696                                 {product} {ergonomic}
   size_t MarkStackSize                            = 4194304                                   {product} {ergonomic}
   size_t MaxHeapSize                              = 4125097984                                {product} {ergonomic}
   size_t MaxNewSize                               = 2474639360                                {product} {ergonomic}
   size_t MinHeapDeltaBytes                        = 2097152                                   {product} {ergonomic}
   size_t MinHeapSize                              = 8388608                                   {product} {ergonomic}
    uintx NonNMethodCodeHeapSize                   = 7602480                                {pd product} {ergonomic}
    uintx NonProfiledCodeHeapSize                  = 122027880                              {pd product} {ergonomic}
    uintx ProfiledCodeHeapSize                     = 122027880                              {pd product} {ergonomic}
    uintx ReservedCodeCacheSize                    = 251658240                              {pd product} {ergonomic}
     bool SegmentedCodeCache                       = true                                      {product} {ergonomic}
   size_t SoftMaxHeapSize                          = 4125097984                             {manageable} {ergonomic}
     bool UseCompressedClassPointers               = true                           {product lp64_product} {ergonomic}
     bool UseCompressedOops                        = true                           {product lp64_product} {ergonomic}
     bool UseG1GC                                  = true                                      {product} {ergonomic}
     bool UseLargePagesIndividualAllocation        = false                                  {pd product} {ergonomic}

Logging:
Log output configuration:
 #0: stdout all=warning uptime,level,tags
 #1: stderr all=off uptime,level,tags

Environment Variables:
PATH=C:\Program Files\Common Files\Oracle\Java\javapath;C:\Users\Orlando\AppData\Local\Programs\Python\Python310\python.exe;C:\Windows\system32;C:\Windows;C:\Windows\System32\Wbem;C:\Windows\System32\WindowsPowerShell\v1.0\;C:\Windows\System32\OpenSSH\;C:\Program Files (x86)\NVIDIA Corporation\PhysX\Common;C:\Program Files\Calibre2\;C:\WINDOWS\system32;C:\WINDOWS;C:\WINDOWS\System32\Wbem;C:\WINDOWS\System32\WindowsPowerShell\v1.0\;C:\WINDOWS\System32\OpenSSH\;C:\Program Files\NVIDIA Corporation\NVIDIA NvDLISR;C:\Program Files (x86)\Paragon Software\APFS for Windows\;C:\Program Files\MATLAB\R2022a\bin;D:\msys64\mingw64\bin;C:\WINDOWS\system32;C:\WINDOWS;C:\WINDOWS\System32\Wbem;C:\WINDOWS\System32\WindowsPowerShell\v1.0\;C:\WINDOWS\System32\OpenSSH\;C:\Users\Orlando\Documents\APIs\ffmpeg\bin;C:\Users\Orlando\Documents\APIs\Dll;D:\python27;C:\Program Files\CMake\bin;C:\Program Files\Git\cmd;C:\Program Files\Docker\Docker\resources\bin;C:\Users\Orlando\AppData\Local\Programs\Python\Python311\Scripts\;C:\Users\Orlando\AppData\Local\Programs\Python\Python311\;C:\Users\Orlando\Documents\APIs\cocos2d-x-4.0\templates;C:\Users\Orlando\Documents\APIs\cocos2d-x-4.0\tools\cocos2d-console\bin;C:\Users\Orlando\AppData\Local\Microsoft\WindowsApps;C:\Users\Orlando\AppData\Local\Programs\Microsoft VS Code\bin;D:\Flutter\bin;C:\Users\Orlando\AppData\Local\Programs\MiKTeX\miktex\bin\x64\;
USERNAME=Orlando
OS=Windows_NT
PROCESSOR_IDENTIFIER=AMD64 Family 25 Model 80 Stepping 0, AuthenticAMD



---------------  S Y S T E M  ---------------

OS:
 Windows 10 , 64 bit Build 22621 (10.0.22621.963)
OS uptime: 0 days 2:21 hours
Hyper-V role detected

CPU: total 16 (initial active 16) (16 cores per cpu, 2 threads per core) family 25 model 80 stepping 0 microcode 0x0, cx8, cmov, fxsr, ht, mmx, 3dnowpref, sse, sse2, sse3, ssse3, sse4a, sse4.1, sse4.2, popcnt, lzcnt, tsc, tscinvbit, avx, avx2, aes, erms, clmul, bmi1, bmi2, adx, sha, fma, vzeroupper, clflush, clflushopt, hv

Memory: 4k page, system-wide physical 15734M (5702M free)
TotalPageFile size 21622M (AvailPageFile size 6184M)
current process WorkingSet (physical memory assigned to process): 87M, peak: 87M
current process commit charge ("private bytes"): 417M, peak: 417M

vm_info: Java HotSpot(TM) 64-Bit Server VM (17.0.1+12-LTS-39) for windows-amd64 JRE (17.0.1+12-LTS-39), built on Sep 27 2021 18:41:35 by "mach5one" with MS VC++ 16.8 (VS2019)

END.
